{
  "stats": {
    "suites": 1,
    "tests": 8,
    "passes": 1,
    "pending": 0,
    "failures": 7,
    "start": "2023-08-12T22:55:53.429Z",
    "end": "2023-08-12T22:55:59.551Z",
    "duration": 6122,
    "testsRegistered": 8,
    "passPercent": 12.5,
    "pendingPercent": 0,
    "other": 0,
    "hasOther": false,
    "skipped": 0,
    "hasSkipped": false
  },
  "results": [
    {
      "uuid": "e8113a40-f084-4244-befa-1fc9a7b19de3",
      "title": "",
      "fullFile": "cypress/e2e/visibility-spec.cy.js",
      "file": "cypress/e2e/visibility-spec.cy.js",
      "beforeHooks": [],
      "afterHooks": [],
      "tests": [],
      "suites": [
        {
          "uuid": "a07de47d-9a00-44c0-9dfa-13639e8f070f",
          "title": "Visibility Page",
          "fullFile": "",
          "file": "",
          "beforeHooks": [],
          "afterHooks": [],
          "tests": [
            {
              "title": "verifies the header",
              "fullTitle": "Visibility Page verifies the header",
              "timedOut": null,
              "duration": 358,
              "state": "passed",
              "speed": "fast",
              "pass": true,
              "fail": false,
              "pending": false,
              "context": null,
              "code": "_visibilitySteps.visibilitySteps.titleTextIs('Visibility');",
              "err": {},
              "uuid": "da8b39e7-319f-4376-ae8f-40b262ac88b0",
              "parentUUID": "a07de47d-9a00-44c0-9dfa-13639e8f070f",
              "isHook": false,
              "skipped": false
            },
            {
              "title": "removes \"Removed\" button after clicking on \"Hide\" button",
              "fullTitle": "Visibility Page removes \"Removed\" button after clicking on \"Hide\" button",
              "timedOut": null,
              "duration": 524,
              "state": "failed",
              "speed": null,
              "pass": false,
              "fail": true,
              "pending": false,
              "context": null,
              "code": "_visibilitySteps.visibilitySteps.clickHideBtn();\n_visibilitySteps.visibilitySteps.removedBtnIsNotInDom();",
              "err": {
                "message": "ReferenceError: The following error originated from your application code, not from Cypress.\n\n  > $ is not defined\n\nWhen Cypress detects uncaught errors originating from your application it will automatically fail the current test.\n\nThis behavior is configurable, and you can choose to turn this off by listening to the `uncaught:exception` event.\n\nhttps://on.cypress.io/uncaught-exception-from-application",
                "estack": "ReferenceError: The following error originated from your application code, not from Cypress.\n\n  > $ is not defined\n\nWhen Cypress detects uncaught errors originating from your application it will automatically fail the current test.\n\nThis behavior is configurable, and you can choose to turn this off by listening to the `uncaught:exception` event.\n\nhttps://on.cypress.io/uncaught-exception-from-application\n    at HideButtons (http://localhost:3000/visibility:4:5)\n    at HTMLButtonElement.onclick (http://localhost:3000/visibility:1:4368)",
                "diff": null
              },
              "uuid": "77d1c274-4d27-4345-b074-56c9cfdd1aec",
              "parentUUID": "a07de47d-9a00-44c0-9dfa-13639e8f070f",
              "isHook": false,
              "skipped": false
            },
            {
              "title": "perceived \"Zero Width\" button as invisible after clicking on \"Hide\" button",
              "fullTitle": "Visibility Page perceived \"Zero Width\" button as invisible after clicking on \"Hide\" button",
              "timedOut": null,
              "duration": 465,
              "state": "failed",
              "speed": null,
              "pass": false,
              "fail": true,
              "pending": false,
              "context": null,
              "code": "_visibilitySteps.visibilitySteps.clickHideBtn();\n_visibilitySteps.visibilitySteps.zeroWidthBtnIsInvisible();",
              "err": {
                "message": "ReferenceError: The following error originated from your application code, not from Cypress.\n\n  > $ is not defined\n\nWhen Cypress detects uncaught errors originating from your application it will automatically fail the current test.\n\nThis behavior is configurable, and you can choose to turn this off by listening to the `uncaught:exception` event.\n\nhttps://on.cypress.io/uncaught-exception-from-application",
                "estack": "ReferenceError: The following error originated from your application code, not from Cypress.\n\n  > $ is not defined\n\nWhen Cypress detects uncaught errors originating from your application it will automatically fail the current test.\n\nThis behavior is configurable, and you can choose to turn this off by listening to the `uncaught:exception` event.\n\nhttps://on.cypress.io/uncaught-exception-from-application\n    at HideButtons (http://localhost:3000/visibility:4:5)\n    at HTMLButtonElement.onclick (http://localhost:3000/visibility:1:4368)",
                "diff": null
              },
              "uuid": "518df733-78ed-4a8c-b64f-289c1a11098b",
              "parentUUID": "a07de47d-9a00-44c0-9dfa-13639e8f070f",
              "isHook": false,
              "skipped": false
            },
            {
              "title": "overlaps \"Overlapped\" button when clicking on \"Hide\" button",
              "fullTitle": "Visibility Page overlaps \"Overlapped\" button when clicking on \"Hide\" button",
              "timedOut": null,
              "duration": 618,
              "state": "failed",
              "speed": null,
              "pass": false,
              "fail": true,
              "pending": false,
              "context": null,
              "code": "_visibilitySteps.visibilitySteps.clickHideBtn();\n_visibilitySteps.visibilitySteps.overlappedBtnIsOverlapped();",
              "err": {
                "message": "ReferenceError: The following error originated from your application code, not from Cypress.\n\n  > $ is not defined\n\nWhen Cypress detects uncaught errors originating from your application it will automatically fail the current test.\n\nThis behavior is configurable, and you can choose to turn this off by listening to the `uncaught:exception` event.\n\nhttps://on.cypress.io/uncaught-exception-from-application",
                "estack": "ReferenceError: The following error originated from your application code, not from Cypress.\n\n  > $ is not defined\n\nWhen Cypress detects uncaught errors originating from your application it will automatically fail the current test.\n\nThis behavior is configurable, and you can choose to turn this off by listening to the `uncaught:exception` event.\n\nhttps://on.cypress.io/uncaught-exception-from-application\n    at HideButtons (http://localhost:3000/visibility:4:5)\n    at HTMLButtonElement.onclick (http://localhost:3000/visibility:1:4368)",
                "diff": null
              },
              "uuid": "c3e99936-5601-415c-a495-fa94f878efa4",
              "parentUUID": "a07de47d-9a00-44c0-9dfa-13639e8f070f",
              "isHook": false,
              "skipped": false
            },
            {
              "title": "perceived \"Opacity 0\" button as invisible after clicking on \"Hide\" button",
              "fullTitle": "Visibility Page perceived \"Opacity 0\" button as invisible after clicking on \"Hide\" button",
              "timedOut": null,
              "duration": 639,
              "state": "failed",
              "speed": null,
              "pass": false,
              "fail": true,
              "pending": false,
              "context": null,
              "code": "_visibilitySteps.visibilitySteps.clickHideBtn();\n_visibilitySteps.visibilitySteps.opacityZeroBtnIsInvisible();",
              "err": {
                "message": "ReferenceError: The following error originated from your application code, not from Cypress.\n\n  > $ is not defined\n\nWhen Cypress detects uncaught errors originating from your application it will automatically fail the current test.\n\nThis behavior is configurable, and you can choose to turn this off by listening to the `uncaught:exception` event.\n\nhttps://on.cypress.io/uncaught-exception-from-application",
                "estack": "ReferenceError: The following error originated from your application code, not from Cypress.\n\n  > $ is not defined\n\nWhen Cypress detects uncaught errors originating from your application it will automatically fail the current test.\n\nThis behavior is configurable, and you can choose to turn this off by listening to the `uncaught:exception` event.\n\nhttps://on.cypress.io/uncaught-exception-from-application\n    at HideButtons (http://localhost:3000/visibility:4:5)\n    at HTMLButtonElement.onclick (http://localhost:3000/visibility:1:4368)",
                "diff": null
              },
              "uuid": "1487daa1-528d-45fc-b6aa-05058a94aaad",
              "parentUUID": "a07de47d-9a00-44c0-9dfa-13639e8f070f",
              "isHook": false,
              "skipped": false
            },
            {
              "title": "perceived \"Visibility Hidden\" button as invisible after clicking on \"Hide\" button",
              "fullTitle": "Visibility Page perceived \"Visibility Hidden\" button as invisible after clicking on \"Hide\" button",
              "timedOut": null,
              "duration": 403,
              "state": "failed",
              "speed": null,
              "pass": false,
              "fail": true,
              "pending": false,
              "context": null,
              "code": "_visibilitySteps.visibilitySteps.clickHideBtn();\n_visibilitySteps.visibilitySteps.visibilityHiddenBtnIsInvisible();",
              "err": {
                "message": "ReferenceError: The following error originated from your application code, not from Cypress.\n\n  > $ is not defined\n\nWhen Cypress detects uncaught errors originating from your application it will automatically fail the current test.\n\nThis behavior is configurable, and you can choose to turn this off by listening to the `uncaught:exception` event.\n\nhttps://on.cypress.io/uncaught-exception-from-application",
                "estack": "ReferenceError: The following error originated from your application code, not from Cypress.\n\n  > $ is not defined\n\nWhen Cypress detects uncaught errors originating from your application it will automatically fail the current test.\n\nThis behavior is configurable, and you can choose to turn this off by listening to the `uncaught:exception` event.\n\nhttps://on.cypress.io/uncaught-exception-from-application\n    at HideButtons (http://localhost:3000/visibility:4:5)\n    at HTMLButtonElement.onclick (http://localhost:3000/visibility:1:4368)",
                "diff": null
              },
              "uuid": "4b2fdf45-2381-40d0-b148-9fb9efe05203",
              "parentUUID": "a07de47d-9a00-44c0-9dfa-13639e8f070f",
              "isHook": false,
              "skipped": false
            },
            {
              "title": "perceived \"Display None\" button as invisible after clicking on \"Hide\" button",
              "fullTitle": "Visibility Page perceived \"Display None\" button as invisible after clicking on \"Hide\" button",
              "timedOut": null,
              "duration": 498,
              "state": "failed",
              "speed": null,
              "pass": false,
              "fail": true,
              "pending": false,
              "context": null,
              "code": "_visibilitySteps.visibilitySteps.clickHideBtn();\n_visibilitySteps.visibilitySteps.displayNoneBtnIsInvisible();",
              "err": {
                "message": "ReferenceError: The following error originated from your application code, not from Cypress.\n\n  > $ is not defined\n\nWhen Cypress detects uncaught errors originating from your application it will automatically fail the current test.\n\nThis behavior is configurable, and you can choose to turn this off by listening to the `uncaught:exception` event.\n\nhttps://on.cypress.io/uncaught-exception-from-application",
                "estack": "ReferenceError: The following error originated from your application code, not from Cypress.\n\n  > $ is not defined\n\nWhen Cypress detects uncaught errors originating from your application it will automatically fail the current test.\n\nThis behavior is configurable, and you can choose to turn this off by listening to the `uncaught:exception` event.\n\nhttps://on.cypress.io/uncaught-exception-from-application\n    at HideButtons (http://localhost:3000/visibility:4:5)\n    at HTMLButtonElement.onclick (http://localhost:3000/visibility:1:4368)",
                "diff": null
              },
              "uuid": "b92998a9-3dfb-452e-977e-bc1ff9324695",
              "parentUUID": "a07de47d-9a00-44c0-9dfa-13639e8f070f",
              "isHook": false,
              "skipped": false
            },
            {
              "title": "moves \"Offscreen\" button outside viewport after clicking on \"Hide\" button",
              "fullTitle": "Visibility Page moves \"Offscreen\" button outside viewport after clicking on \"Hide\" button",
              "timedOut": null,
              "duration": 393,
              "state": "failed",
              "speed": null,
              "pass": false,
              "fail": true,
              "pending": false,
              "context": null,
              "code": "_visibilitySteps.visibilitySteps.clickHideBtn();\n_visibilitySteps.visibilitySteps.offscreenBtnIsOutsideViewport();",
              "err": {
                "message": "ReferenceError: The following error originated from your application code, not from Cypress.\n\n  > $ is not defined\n\nWhen Cypress detects uncaught errors originating from your application it will automatically fail the current test.\n\nThis behavior is configurable, and you can choose to turn this off by listening to the `uncaught:exception` event.\n\nhttps://on.cypress.io/uncaught-exception-from-application",
                "estack": "ReferenceError: The following error originated from your application code, not from Cypress.\n\n  > $ is not defined\n\nWhen Cypress detects uncaught errors originating from your application it will automatically fail the current test.\n\nThis behavior is configurable, and you can choose to turn this off by listening to the `uncaught:exception` event.\n\nhttps://on.cypress.io/uncaught-exception-from-application\n    at HideButtons (http://localhost:3000/visibility:4:5)\n    at HTMLButtonElement.onclick (http://localhost:3000/visibility:1:4368)",
                "diff": null
              },
              "uuid": "7e0cdfaf-ae94-4ce5-b94a-a9edb58b8bb4",
              "parentUUID": "a07de47d-9a00-44c0-9dfa-13639e8f070f",
              "isHook": false,
              "skipped": false
            }
          ],
          "suites": [],
          "passes": [
            "da8b39e7-319f-4376-ae8f-40b262ac88b0"
          ],
          "failures": [
            "77d1c274-4d27-4345-b074-56c9cfdd1aec",
            "518df733-78ed-4a8c-b64f-289c1a11098b",
            "c3e99936-5601-415c-a495-fa94f878efa4",
            "1487daa1-528d-45fc-b6aa-05058a94aaad",
            "4b2fdf45-2381-40d0-b148-9fb9efe05203",
            "b92998a9-3dfb-452e-977e-bc1ff9324695",
            "7e0cdfaf-ae94-4ce5-b94a-a9edb58b8bb4"
          ],
          "pending": [],
          "skipped": [],
          "duration": 3898,
          "root": false,
          "rootEmpty": false,
          "_timeout": 2000
        }
      ],
      "passes": [],
      "failures": [],
      "pending": [],
      "skipped": [],
      "duration": 0,
      "root": true,
      "rootEmpty": true,
      "_timeout": 2000
    }
  ],
  "meta": {
    "mocha": {
      "version": "7.0.1"
    },
    "mochawesome": {
      "options": {
        "quiet": false,
        "reportFilename": "mochawesome",
        "saveHtml": true,
        "saveJson": true,
        "consoleReporter": "spec",
        "useInlineDiffs": false,
        "code": true
      },
      "version": "7.1.3"
    },
    "marge": {
      "options": {
        "reportDir": "reports"
      },
      "version": "6.2.0"
    }
  }
}