{
  "stats": {
    "suites": 1,
    "tests": 2,
    "passes": 2,
    "pending": 0,
    "failures": 0,
    "start": "2023-08-13T19:26:15.901Z",
    "end": "2023-08-13T19:26:32.082Z",
    "duration": 16181,
    "testsRegistered": 2,
    "passPercent": 100,
    "pendingPercent": 0,
    "other": 0,
    "hasOther": false,
    "skipped": 0,
    "hasSkipped": false
  },
  "results": [
    {
      "uuid": "dec81c20-1d94-4265-bb6b-f9d8c2b5fd6b",
      "title": "",
      "fullFile": "cypress/e2e/regression/ajax_data.spec.cy.js",
      "file": "cypress/e2e/regression/ajax_data.spec.cy.js",
      "beforeHooks": [],
      "afterHooks": [],
      "tests": [],
      "suites": [
        {
          "uuid": "7d52882e-cbbd-459a-9dba-44f8a9c36a21",
          "title": "AJAX Data Page (browser chrome, viewport 1920x1080)",
          "fullFile": "",
          "file": "",
          "beforeHooks": [],
          "afterHooks": [],
          "tests": [
            {
              "title": "verifies the header",
              "fullTitle": "AJAX Data Page (browser chrome, viewport 1920x1080) verifies the header",
              "timedOut": null,
              "duration": 591,
              "state": "passed",
              "speed": "fast",
              "pass": true,
              "fail": false,
              "pending": false,
              "context": null,
              "code": "_ajaxDataSteps.ajaxDataSteps.titleTextIs('AJAX Data');",
              "err": {},
              "uuid": "6a4b61c2-c5f7-4fdf-9fa2-483fd0d7007b",
              "parentUUID": "7d52882e-cbbd-459a-9dba-44f8a9c36a21",
              "isHook": false,
              "skipped": false
            },
            {
              "title": "shows an element after processing of an AJAX request",
              "fullTitle": "AJAX Data Page (browser chrome, viewport 1920x1080) shows an element after processing of an AJAX request",
              "timedOut": null,
              "duration": 15520,
              "state": "passed",
              "speed": "slow",
              "pass": true,
              "fail": false,
              "pending": false,
              "context": null,
              "code": "_ajaxDataSteps.ajaxDataSteps.inteceptAjaxRequest(_ajaxRequest.default);\n_ajaxDataSteps.ajaxDataSteps.clickTriggeringRequestBtn();\n_ajaxDataSteps.ajaxDataSteps.waitForAjaxResponse(15000);\n_ajaxDataSteps.ajaxDataSteps.hasDataLoadMessage('Data loaded with AJAX get request.');",
              "err": {},
              "uuid": "7cd2f4d2-b61b-473d-a91c-7a7ea374c59a",
              "parentUUID": "7d52882e-cbbd-459a-9dba-44f8a9c36a21",
              "isHook": false,
              "skipped": false
            }
          ],
          "suites": [],
          "passes": [
            "6a4b61c2-c5f7-4fdf-9fa2-483fd0d7007b",
            "7cd2f4d2-b61b-473d-a91c-7a7ea374c59a"
          ],
          "failures": [],
          "pending": [],
          "skipped": [],
          "duration": 16111,
          "root": false,
          "rootEmpty": false,
          "_timeout": 2000
        }
      ],
      "passes": [],
      "failures": [],
      "pending": [],
      "skipped": [],
      "duration": 0,
      "root": true,
      "rootEmpty": true,
      "_timeout": 2000
    }
  ],
  "meta": {
    "mocha": {
      "version": "7.0.1"
    },
    "mochawesome": {
      "options": {
        "quiet": false,
        "reportFilename": "[datetime]_[status]_[name]-report",
        "saveHtml": true,
        "saveJson": true,
        "consoleReporter": "spec",
        "useInlineDiffs": false,
        "code": true
      },
      "version": "7.1.3"
    },
    "marge": {
      "options": {
        "reportDir": "cypress/reports/e2e",
        "reportFilename": "[datetime]_[status]_[name]-report",
        "timestamp": "default",
        "showPassed": true
      },
      "version": "6.2.0"
    }
  }
}