{
  "stats": {
    "suites": 1,
    "tests": 1,
    "passes": 1,
    "pending": 0,
    "failures": 0,
    "start": "2023-08-13T19:51:35.184Z",
    "end": "2023-08-13T19:51:35.967Z",
    "duration": 783,
    "testsRegistered": 1,
    "passPercent": 100,
    "pendingPercent": 0,
    "other": 0,
    "hasOther": false,
    "skipped": 0,
    "hasSkipped": false
  },
  "results": [
    {
      "uuid": "b4c709bd-5baf-43e2-ab83-3eec60baa5ac",
      "title": "",
      "fullFile": "cypress/e2e/regression/dynamic-table.spec.cy.js",
      "file": "cypress/e2e/regression/dynamic-table.spec.cy.js",
      "beforeHooks": [],
      "afterHooks": [],
      "tests": [],
      "suites": [
        {
          "uuid": "5f0d404b-996d-45d9-b119-4bb1da505dc4",
          "title": "AJAX Data Page (browser electron, viewport 1000x660)",
          "fullFile": "",
          "file": "",
          "beforeHooks": [],
          "afterHooks": [],
          "tests": [
            {
              "title": "Chrome CPU Load table value equals one in the yellow label",
              "fullTitle": "AJAX Data Page (browser electron, viewport 1000x660) Chrome CPU Load table value equals one in the yellow label",
              "timedOut": null,
              "duration": 670,
              "state": "passed",
              "speed": "fast",
              "pass": true,
              "fail": false,
              "pending": false,
              "context": null,
              "code": "const processName = 'Chrome';\n//todo: change Chrome to a var\n//https://glebbahmutov.com/cypress-examples/recipes/get-text-list.html#filter-items-by-text\n//https://glebbahmutov.com/cypress-examples/recipes/table-cell-by-column-heading.html#find-a-specific-cell\n_dynamicTableSteps.dynamicTableSteps.compareValuesInTableAndWarnFor('Chrome', 'CPU');",
              "err": {},
              "uuid": "b25aec3e-5d8c-4499-aef1-5cc56415fa36",
              "parentUUID": "5f0d404b-996d-45d9-b119-4bb1da505dc4",
              "isHook": false,
              "skipped": false
            }
          ],
          "suites": [],
          "passes": [
            "b25aec3e-5d8c-4499-aef1-5cc56415fa36"
          ],
          "failures": [],
          "pending": [],
          "skipped": [],
          "duration": 670,
          "root": false,
          "rootEmpty": false,
          "_timeout": 2000
        }
      ],
      "passes": [],
      "failures": [],
      "pending": [],
      "skipped": [],
      "duration": 0,
      "root": true,
      "rootEmpty": true,
      "_timeout": 2000
    }
  ],
  "meta": {
    "mocha": {
      "version": "7.0.1"
    },
    "mochawesome": {
      "options": {
        "quiet": false,
        "reportFilename": "[datetime]_[status]_[name]-report",
        "saveHtml": true,
        "saveJson": true,
        "consoleReporter": "spec",
        "useInlineDiffs": false,
        "code": true
      },
      "version": "7.1.3"
    },
    "marge": {
      "options": {
        "reportDir": "cypress/reports/e2e",
        "reportFilename": "[datetime]_[status]_[name]-report",
        "timestamp": "default",
        "showPassed": true
      },
      "version": "6.2.0"
    }
  }
}