{
  "stats": {
    "suites": 1,
    "tests": 1,
    "passes": 0,
    "pending": 0,
    "failures": 1,
    "start": "2023-08-13T19:41:54.154Z",
    "end": "2023-08-13T19:42:03.839Z",
    "duration": 9685,
    "testsRegistered": 1,
    "passPercent": 0,
    "pendingPercent": 0,
    "other": 0,
    "hasOther": false,
    "skipped": 0,
    "hasSkipped": false
  },
  "results": [
    {
      "uuid": "59bbcd00-5124-4749-ba4c-96999eed017f",
      "title": "",
      "fullFile": "cypress/e2e/regression/failed-test-example-spec.cy.js",
      "file": "cypress/e2e/regression/failed-test-example-spec.cy.js",
      "beforeHooks": [],
      "afterHooks": [],
      "tests": [],
      "suites": [
        {
          "uuid": "bc6433d7-f1f0-4ab0-bdec-bcc5b7067949",
          "title": "Failed Test Example (browser chrome, viewport 1920x1080)",
          "fullFile": "",
          "file": "",
          "beforeHooks": [],
          "afterHooks": [],
          "tests": [
            {
              "title": "the test should fail",
              "fullTitle": "Failed Test Example (browser chrome, viewport 1920x1080) the test should fail",
              "timedOut": null,
              "duration": 4653,
              "state": "failed",
              "speed": null,
              "pass": false,
              "fail": true,
              "pending": false,
              "context": "\"screenshots/failed-test-example-spec.cy.js/Failed Test Example (browser chrome, viewport 1920x1080) -- the test should fail (failed) (attempt 2).png\"",
              "code": "_visibilitySteps.visibilitySteps.titleTextIs('Failed Test Example');",
              "err": {
                "message": "AssertionError: Timed out retrying after 4000ms: expected '<h3>' to have text 'Failed Test Example', but the text was 'Visibility'",
                "estack": "AssertionError: Timed out retrying after 4000ms: expected '<h3>' to have text 'Failed Test Example', but the text was 'Visibility'\n    at VisibilitySteps.titleTextIs (webpack:///./cypress/steps/general-steps.js:23:33)\n    at Context.eval (webpack:///./cypress/e2e/regression/failed-test-example-spec.cy.js:12:24)",
                "diff": "- 'Visibility'\n+ 'Failed Test Example'\n"
              },
              "uuid": "ad6a3f85-7917-4bc0-acc1-d0c2430839bd",
              "parentUUID": "bc6433d7-f1f0-4ab0-bdec-bcc5b7067949",
              "isHook": false,
              "skipped": false
            }
          ],
          "suites": [],
          "passes": [],
          "failures": [
            "ad6a3f85-7917-4bc0-acc1-d0c2430839bd"
          ],
          "pending": [],
          "skipped": [],
          "duration": 4653,
          "root": false,
          "rootEmpty": false,
          "_timeout": 2000
        }
      ],
      "passes": [],
      "failures": [],
      "pending": [],
      "skipped": [],
      "duration": 0,
      "root": true,
      "rootEmpty": true,
      "_timeout": 2000
    }
  ],
  "meta": {
    "mocha": {
      "version": "7.0.1"
    },
    "mochawesome": {
      "options": {
        "quiet": false,
        "reportFilename": "[datetime]_[status]_[name]-report",
        "saveHtml": true,
        "saveJson": true,
        "consoleReporter": "spec",
        "useInlineDiffs": false,
        "code": true
      },
      "version": "7.1.3"
    },
    "marge": {
      "options": {
        "reportDir": "cypress/reports/e2e",
        "reportFilename": "[datetime]_[status]_[name]-report",
        "timestamp": "default",
        "showPassed": true
      },
      "version": "6.2.0"
    }
  }
}