{
  "stats": {
    "suites": 1,
    "tests": 1,
    "passes": 0,
    "pending": 0,
    "failures": 1,
    "start": "2023-08-13T19:06:51.099Z",
    "end": "2023-08-13T19:07:03.324Z",
    "duration": 12225,
    "testsRegistered": 1,
    "passPercent": 0,
    "pendingPercent": 0,
    "other": 0,
    "hasOther": false,
    "skipped": 0,
    "hasSkipped": false
  },
  "results": [
    {
      "uuid": "7fcde638-2fa1-4761-b663-446b66e56268",
      "title": "",
      "fullFile": "cypress/e2e/regression/failed-test-example-spec.cy.js",
      "file": "cypress/e2e/regression/failed-test-example-spec.cy.js",
      "beforeHooks": [],
      "afterHooks": [],
      "tests": [],
      "suites": [
        {
          "uuid": "8abf96d7-e423-496e-8bfa-df4b00c2e8dd",
          "title": "Visibility Page (browser chrome, viewport 1920x1080)",
          "fullFile": "",
          "file": "",
          "beforeHooks": [],
          "afterHooks": [],
          "tests": [
            {
              "title": "verifies the header",
              "fullTitle": "Visibility Page (browser chrome, viewport 1920x1080) verifies the header",
              "timedOut": null,
              "duration": 5424,
              "state": "failed",
              "speed": null,
              "pass": false,
              "fail": true,
              "pending": false,
              "context": "\"screenshots/failed-test-example-spec.cy.js/Visibility Page (browser chrome, viewport 1920x1080) -- verifies the header (failed) (attempt 2).png\"",
              "code": "_visibilitySteps.visibilitySteps.titleTextIs('Failed Test Example');",
              "err": {
                "message": "AssertionError: Timed out retrying after 4000ms: expected '<h3>' to have text 'Failed Test Example', but the text was 'Visibility'",
                "estack": "AssertionError: Timed out retrying after 4000ms: expected '<h3>' to have text 'Failed Test Example', but the text was 'Visibility'\n    at VisibilitySteps.titleTextIs (webpack:///./cypress/steps/general-steps.js:23:33)\n    at Context.eval (webpack:///./cypress/e2e/regression/failed-test-example-spec.cy.js:12:24)",
                "diff": "- 'Visibility'\n+ 'Failed Test Example'\n"
              },
              "uuid": "f7ccf52a-7f80-4c54-ab66-b60af42566ea",
              "parentUUID": "8abf96d7-e423-496e-8bfa-df4b00c2e8dd",
              "isHook": false,
              "skipped": false
            }
          ],
          "suites": [],
          "passes": [],
          "failures": [
            "f7ccf52a-7f80-4c54-ab66-b60af42566ea"
          ],
          "pending": [],
          "skipped": [],
          "duration": 5424,
          "root": false,
          "rootEmpty": false,
          "_timeout": 2000
        }
      ],
      "passes": [],
      "failures": [],
      "pending": [],
      "skipped": [],
      "duration": 0,
      "root": true,
      "rootEmpty": true,
      "_timeout": 2000
    }
  ],
  "meta": {
    "mocha": {
      "version": "7.0.1"
    },
    "mochawesome": {
      "options": {
        "quiet": false,
        "reportFilename": "[datetime]_[status]_[name]-report",
        "saveHtml": true,
        "saveJson": true,
        "consoleReporter": "spec",
        "useInlineDiffs": false,
        "code": true
      },
      "version": "7.1.3"
    },
    "marge": {
      "options": {
        "reportDir": "cypress/reports/e2e",
        "overwrite": false,
        "reportFilename": "[datetime]_[status]_[name]-report",
        "timestamp": "default",
        "showPassed": true
      },
      "version": "6.2.0"
    }
  }
}