{
  "stats": {
    "suites": 1,
    "tests": 2,
    "passes": 2,
    "pending": 0,
    "failures": 0,
    "start": "2023-08-13T19:26:49.705Z",
    "end": "2023-08-13T19:26:50.665Z",
    "duration": 960,
    "testsRegistered": 2,
    "passPercent": 100,
    "pendingPercent": 0,
    "other": 0,
    "hasOther": false,
    "skipped": 0,
    "hasSkipped": false
  },
  "results": [
    {
      "uuid": "6309b1c1-8267-4907-9aca-d3138096af88",
      "title": "",
      "fullFile": "cypress/e2e/regression/overlapped_element.spec.cy.js",
      "file": "cypress/e2e/regression/overlapped_element.spec.cy.js",
      "beforeHooks": [],
      "afterHooks": [],
      "tests": [],
      "suites": [
        {
          "uuid": "1ba5c3d3-d373-4573-9e89-21873f3fa808",
          "title": "AJAX Data Page (browser chrome, viewport 1920x1080)",
          "fullFile": "",
          "file": "",
          "beforeHooks": [],
          "afterHooks": [],
          "tests": [
            {
              "title": "verifies the header",
              "fullTitle": "AJAX Data Page (browser chrome, viewport 1920x1080) verifies the header",
              "timedOut": null,
              "duration": 415,
              "state": "passed",
              "speed": "fast",
              "pass": true,
              "fail": false,
              "pending": false,
              "context": null,
              "code": "_overlappedElementSteps.overlappedElementSteps.titleTextIs('Overlapped Element');",
              "err": {},
              "uuid": "a136c185-3ded-4dce-ae65-86110317cdd0",
              "parentUUID": "1ba5c3d3-d373-4573-9e89-21873f3fa808",
              "isHook": false,
              "skipped": false
            },
            {
              "title": "scrolls to Name input field and validates the text",
              "fullTitle": "AJAX Data Page (browser chrome, viewport 1920x1080) scrolls to Name input field and validates the text",
              "timedOut": null,
              "duration": 509,
              "state": "passed",
              "speed": "fast",
              "pass": true,
              "fail": false,
              "pending": false,
              "context": null,
              "code": "_overlappedElementSteps.overlappedElementSteps.scrollAndFillInName('Test Name');\n_overlappedElementSteps.overlappedElementSteps.nameFieldValueIs('Test Name');",
              "err": {},
              "uuid": "e1e092b9-f67d-44d8-ac95-354278d55438",
              "parentUUID": "1ba5c3d3-d373-4573-9e89-21873f3fa808",
              "isHook": false,
              "skipped": false
            }
          ],
          "suites": [],
          "passes": [
            "a136c185-3ded-4dce-ae65-86110317cdd0",
            "e1e092b9-f67d-44d8-ac95-354278d55438"
          ],
          "failures": [],
          "pending": [],
          "skipped": [],
          "duration": 924,
          "root": false,
          "rootEmpty": false,
          "_timeout": 2000
        }
      ],
      "passes": [],
      "failures": [],
      "pending": [],
      "skipped": [],
      "duration": 0,
      "root": true,
      "rootEmpty": true,
      "_timeout": 2000
    }
  ],
  "meta": {
    "mocha": {
      "version": "7.0.1"
    },
    "mochawesome": {
      "options": {
        "quiet": false,
        "reportFilename": "[datetime]_[status]_[name]-report",
        "saveHtml": true,
        "saveJson": true,
        "consoleReporter": "spec",
        "useInlineDiffs": false,
        "code": true
      },
      "version": "7.1.3"
    },
    "marge": {
      "options": {
        "reportDir": "cypress/reports/e2e",
        "reportFilename": "[datetime]_[status]_[name]-report",
        "timestamp": "default",
        "showPassed": true
      },
      "version": "6.2.0"
    }
  }
}