{
  "stats": {
    "suites": 1,
    "tests": 2,
    "passes": 2,
    "pending": 0,
    "failures": 0,
    "start": "2023-08-13T19:51:51.230Z",
    "end": "2023-08-13T19:51:52.360Z",
    "duration": 1130,
    "testsRegistered": 2,
    "passPercent": 100,
    "pendingPercent": 0,
    "other": 0,
    "hasOther": false,
    "skipped": 0,
    "hasSkipped": false
  },
  "results": [
    {
      "uuid": "31a9760e-540e-48bf-8bc6-25cd07172b31",
      "title": "",
      "fullFile": "cypress/e2e/regression/overlapped_element.spec.cy.js",
      "file": "cypress/e2e/regression/overlapped_element.spec.cy.js",
      "beforeHooks": [],
      "afterHooks": [],
      "tests": [],
      "suites": [
        {
          "uuid": "4864b16b-ca21-4e03-a0dc-c59115f1b180",
          "title": "AJAX Data Page (browser electron, viewport 1000x660)",
          "fullFile": "",
          "file": "",
          "beforeHooks": [],
          "afterHooks": [],
          "tests": [
            {
              "title": "verifies the header",
              "fullTitle": "AJAX Data Page (browser electron, viewport 1000x660) verifies the header",
              "timedOut": null,
              "duration": 481,
              "state": "passed",
              "speed": "fast",
              "pass": true,
              "fail": false,
              "pending": false,
              "context": null,
              "code": "_overlappedElementSteps.overlappedElementSteps.titleTextIs('Overlapped Element');",
              "err": {},
              "uuid": "648a7aa9-ae39-4831-8159-e542f2924c83",
              "parentUUID": "4864b16b-ca21-4e03-a0dc-c59115f1b180",
              "isHook": false,
              "skipped": false
            },
            {
              "title": "scrolls to Name input field and validates the text",
              "fullTitle": "AJAX Data Page (browser electron, viewport 1000x660) scrolls to Name input field and validates the text",
              "timedOut": null,
              "duration": 566,
              "state": "passed",
              "speed": "fast",
              "pass": true,
              "fail": false,
              "pending": false,
              "context": null,
              "code": "_overlappedElementSteps.overlappedElementSteps.scrollAndFillInName('Test Name');\n_overlappedElementSteps.overlappedElementSteps.nameFieldValueIs('Test Name');",
              "err": {},
              "uuid": "47745238-9787-4f83-ba1e-1750d8af4dbb",
              "parentUUID": "4864b16b-ca21-4e03-a0dc-c59115f1b180",
              "isHook": false,
              "skipped": false
            }
          ],
          "suites": [],
          "passes": [
            "648a7aa9-ae39-4831-8159-e542f2924c83",
            "47745238-9787-4f83-ba1e-1750d8af4dbb"
          ],
          "failures": [],
          "pending": [],
          "skipped": [],
          "duration": 1047,
          "root": false,
          "rootEmpty": false,
          "_timeout": 2000
        }
      ],
      "passes": [],
      "failures": [],
      "pending": [],
      "skipped": [],
      "duration": 0,
      "root": true,
      "rootEmpty": true,
      "_timeout": 2000
    }
  ],
  "meta": {
    "mocha": {
      "version": "7.0.1"
    },
    "mochawesome": {
      "options": {
        "quiet": false,
        "reportFilename": "[datetime]_[status]_[name]-report",
        "saveHtml": true,
        "saveJson": true,
        "consoleReporter": "spec",
        "useInlineDiffs": false,
        "code": true
      },
      "version": "7.1.3"
    },
    "marge": {
      "options": {
        "reportDir": "cypress/reports/e2e",
        "reportFilename": "[datetime]_[status]_[name]-report",
        "timestamp": "default",
        "showPassed": true
      },
      "version": "6.2.0"
    }
  }
}