{
  "stats": {
    "suites": 1,
    "tests": 8,
    "passes": 7,
    "pending": 0,
    "failures": 1,
    "start": "2023-08-13T19:27:23.723Z",
    "end": "2023-08-13T19:27:34.999Z",
    "duration": 11276,
    "testsRegistered": 8,
    "passPercent": 87.5,
    "pendingPercent": 0,
    "other": 0,
    "hasOther": false,
    "skipped": 0,
    "hasSkipped": false
  },
  "results": [
    {
      "uuid": "1db909ea-506d-4d72-9ba1-ac881d59d095",
      "title": "",
      "fullFile": "cypress/e2e/regression/visibility-spec.cy.js",
      "file": "cypress/e2e/regression/visibility-spec.cy.js",
      "beforeHooks": [],
      "afterHooks": [],
      "tests": [],
      "suites": [
        {
          "uuid": "cf0c59f9-aa4f-4117-92b0-cfc1c3cf9a90",
          "title": "Visibility Page (browser chrome, viewport 1920x1080)",
          "fullFile": "",
          "file": "",
          "beforeHooks": [],
          "afterHooks": [],
          "tests": [
            {
              "title": "verifies the header",
              "fullTitle": "Visibility Page (browser chrome, viewport 1920x1080) verifies the header",
              "timedOut": null,
              "duration": 4465,
              "state": "failed",
              "speed": null,
              "pass": false,
              "fail": true,
              "pending": false,
              "context": "\"screenshots/visibility-spec.cy.js/Visibility Page (browser chrome, viewport 1920x1080) -- verifies the header (failed) (attempt 2).png\"",
              "code": "_visibilitySteps.visibilitySteps.titleTextIs('Visibility');\n_visibilitySteps.visibilitySteps.titleTextIs('Failed Test');",
              "err": {
                "message": "AssertionError: Timed out retrying after 4000ms: expected '<h3>' to have text 'Failed Test', but the text was 'Visibility'",
                "estack": "AssertionError: Timed out retrying after 4000ms: expected '<h3>' to have text 'Failed Test', but the text was 'Visibility'\n    at VisibilitySteps.titleTextIs (webpack:///./cypress/steps/general-steps.js:23:33)\n    at Context.eval (webpack:///./cypress/e2e/regression/visibility-spec.cy.js:13:24)",
                "diff": "- 'Visibility'\n+ 'Failed Test'\n"
              },
              "uuid": "8a3761de-ac8b-478c-a850-2e1b20b843fa",
              "parentUUID": "cf0c59f9-aa4f-4117-92b0-cfc1c3cf9a90",
              "isHook": false,
              "skipped": false
            },
            {
              "title": "removes \"Removed\" button after clicking on \"Hide\" button",
              "fullTitle": "Visibility Page (browser chrome, viewport 1920x1080) removes \"Removed\" button after clicking on \"Hide\" button",
              "timedOut": null,
              "duration": 312,
              "state": "passed",
              "speed": "fast",
              "pass": true,
              "fail": false,
              "pending": false,
              "context": null,
              "code": "_visibilitySteps.visibilitySteps.clickHideBtn();\n// visibilitySteps.removedBtnIsNotInDom()",
              "err": {},
              "uuid": "6e6222b2-4842-45ad-b9ee-14afcd5f5ad0",
              "parentUUID": "cf0c59f9-aa4f-4117-92b0-cfc1c3cf9a90",
              "isHook": false,
              "skipped": false
            },
            {
              "title": "perceived \"Zero Width\" button as invisible after clicking on \"Hide\" button",
              "fullTitle": "Visibility Page (browser chrome, viewport 1920x1080) perceived \"Zero Width\" button as invisible after clicking on \"Hide\" button",
              "timedOut": null,
              "duration": 309,
              "state": "passed",
              "speed": "fast",
              "pass": true,
              "fail": false,
              "pending": false,
              "context": null,
              "code": "_visibilitySteps.visibilitySteps.clickHideBtn();\n_visibilitySteps.visibilitySteps.zeroWidthBtnIsInvisible();",
              "err": {},
              "uuid": "69d131a0-cdab-4bfa-8594-41c1fece4acb",
              "parentUUID": "cf0c59f9-aa4f-4117-92b0-cfc1c3cf9a90",
              "isHook": false,
              "skipped": false
            },
            {
              "title": "overlaps \"Overlapped\" button when clicking on \"Hide\" button",
              "fullTitle": "Visibility Page (browser chrome, viewport 1920x1080) overlaps \"Overlapped\" button when clicking on \"Hide\" button",
              "timedOut": null,
              "duration": 298,
              "state": "passed",
              "speed": "fast",
              "pass": true,
              "fail": false,
              "pending": false,
              "context": null,
              "code": "_visibilitySteps.visibilitySteps.clickHideBtn();\n_visibilitySteps.visibilitySteps.overlappedBtnIsOverlapped();",
              "err": {},
              "uuid": "467fae7f-db88-4ea3-b1c6-cd7c8e4fa260",
              "parentUUID": "cf0c59f9-aa4f-4117-92b0-cfc1c3cf9a90",
              "isHook": false,
              "skipped": false
            },
            {
              "title": "perceived \"Opacity 0\" button as invisible after clicking on \"Hide\" button",
              "fullTitle": "Visibility Page (browser chrome, viewport 1920x1080) perceived \"Opacity 0\" button as invisible after clicking on \"Hide\" button",
              "timedOut": null,
              "duration": 298,
              "state": "passed",
              "speed": "fast",
              "pass": true,
              "fail": false,
              "pending": false,
              "context": null,
              "code": "_visibilitySteps.visibilitySteps.clickHideBtn();\n_visibilitySteps.visibilitySteps.opacityZeroBtnIsInvisible();",
              "err": {},
              "uuid": "43edee6a-9703-4c4c-b6aa-7de2e84bdf17",
              "parentUUID": "cf0c59f9-aa4f-4117-92b0-cfc1c3cf9a90",
              "isHook": false,
              "skipped": false
            },
            {
              "title": "perceived \"Visibility Hidden\" button as invisible after clicking on \"Hide\" button",
              "fullTitle": "Visibility Page (browser chrome, viewport 1920x1080) perceived \"Visibility Hidden\" button as invisible after clicking on \"Hide\" button",
              "timedOut": null,
              "duration": 311,
              "state": "passed",
              "speed": "fast",
              "pass": true,
              "fail": false,
              "pending": false,
              "context": null,
              "code": "_visibilitySteps.visibilitySteps.clickHideBtn();\n_visibilitySteps.visibilitySteps.visibilityHiddenBtnIsInvisible();",
              "err": {},
              "uuid": "3d063366-5f88-47ee-b452-b9ad91983e93",
              "parentUUID": "cf0c59f9-aa4f-4117-92b0-cfc1c3cf9a90",
              "isHook": false,
              "skipped": false
            },
            {
              "title": "perceived \"Display None\" button as invisible after clicking on \"Hide\" button",
              "fullTitle": "Visibility Page (browser chrome, viewport 1920x1080) perceived \"Display None\" button as invisible after clicking on \"Hide\" button",
              "timedOut": null,
              "duration": 263,
              "state": "passed",
              "speed": "fast",
              "pass": true,
              "fail": false,
              "pending": false,
              "context": null,
              "code": "_visibilitySteps.visibilitySteps.clickHideBtn();\n_visibilitySteps.visibilitySteps.displayNoneBtnIsInvisible();",
              "err": {},
              "uuid": "2411b423-ba79-4106-b5c4-a22f118e29fe",
              "parentUUID": "cf0c59f9-aa4f-4117-92b0-cfc1c3cf9a90",
              "isHook": false,
              "skipped": false
            },
            {
              "title": "moves \"Offscreen\" button outside viewport after clicking on \"Hide\" button",
              "fullTitle": "Visibility Page (browser chrome, viewport 1920x1080) moves \"Offscreen\" button outside viewport after clicking on \"Hide\" button",
              "timedOut": null,
              "duration": 279,
              "state": "passed",
              "speed": "fast",
              "pass": true,
              "fail": false,
              "pending": false,
              "context": null,
              "code": "_visibilitySteps.visibilitySteps.clickHideBtn();\n_visibilitySteps.visibilitySteps.offscreenBtnIsOutsideViewport();",
              "err": {},
              "uuid": "bb353d50-3da8-4979-b39d-d2a5310cb6f7",
              "parentUUID": "cf0c59f9-aa4f-4117-92b0-cfc1c3cf9a90",
              "isHook": false,
              "skipped": false
            }
          ],
          "suites": [],
          "passes": [
            "6e6222b2-4842-45ad-b9ee-14afcd5f5ad0",
            "69d131a0-cdab-4bfa-8594-41c1fece4acb",
            "467fae7f-db88-4ea3-b1c6-cd7c8e4fa260",
            "43edee6a-9703-4c4c-b6aa-7de2e84bdf17",
            "3d063366-5f88-47ee-b452-b9ad91983e93",
            "2411b423-ba79-4106-b5c4-a22f118e29fe",
            "bb353d50-3da8-4979-b39d-d2a5310cb6f7"
          ],
          "failures": [
            "8a3761de-ac8b-478c-a850-2e1b20b843fa"
          ],
          "pending": [],
          "skipped": [],
          "duration": 6535,
          "root": false,
          "rootEmpty": false,
          "_timeout": 2000
        }
      ],
      "passes": [],
      "failures": [],
      "pending": [],
      "skipped": [],
      "duration": 0,
      "root": true,
      "rootEmpty": true,
      "_timeout": 2000
    }
  ],
  "meta": {
    "mocha": {
      "version": "7.0.1"
    },
    "mochawesome": {
      "options": {
        "quiet": false,
        "reportFilename": "[datetime]_[status]_[name]-report",
        "saveHtml": true,
        "saveJson": true,
        "consoleReporter": "spec",
        "useInlineDiffs": false,
        "code": true
      },
      "version": "7.1.3"
    },
    "marge": {
      "options": {
        "reportDir": "cypress/reports/e2e",
        "reportFilename": "[datetime]_[status]_[name]-report",
        "timestamp": "default",
        "showPassed": true
      },
      "version": "6.2.0"
    }
  }
}