{
  "stats": {
    "suites": 1,
    "tests": 2,
    "passes": 2,
    "pending": 0,
    "failures": 0,
    "start": "2023-08-13T19:42:10.191Z",
    "end": "2023-08-13T19:42:33.249Z",
    "duration": 23058,
    "testsRegistered": 2,
    "passPercent": 100,
    "pendingPercent": 0,
    "other": 0,
    "hasOther": false,
    "skipped": 0,
    "hasSkipped": false
  },
  "results": [
    {
      "uuid": "0df98cad-38f2-49fd-a5c9-6ef127a903d8",
      "title": "",
      "fullFile": "cypress/e2e/regression/progress-bar.spec.cy.js",
      "file": "cypress/e2e/regression/progress-bar.spec.cy.js",
      "beforeHooks": [],
      "afterHooks": [],
      "tests": [],
      "suites": [
        {
          "uuid": "a4f20f2c-bfe5-4e1a-a928-f44f3717af26",
          "title": "Progress Bar Page (browser chrome, viewport 1920x1080)",
          "fullFile": "",
          "file": "",
          "beforeHooks": [],
          "afterHooks": [],
          "tests": [
            {
              "title": "verifies the header",
              "fullTitle": "Progress Bar Page (browser chrome, viewport 1920x1080) verifies the header",
              "timedOut": null,
              "duration": 361,
              "state": "passed",
              "speed": "fast",
              "pass": true,
              "fail": false,
              "pending": false,
              "context": null,
              "code": "_progressBarSteps.progressBarSteps.titleTextIs('Progress Bar');",
              "err": {},
              "uuid": "56481bda-7b5d-4f35-ad6e-e37af1ec1741",
              "parentUUID": "a4f20f2c-bfe5-4e1a-a928-f44f3717af26",
              "isHook": false,
              "skipped": false
            },
            {
              "title": "displays correct % in message when clicking Start > Stop at value",
              "fullTitle": "Progress Bar Page (browser chrome, viewport 1920x1080) displays correct % in message when clicking Start > Stop at value",
              "timedOut": null,
              "duration": 22646,
              "state": "passed",
              "speed": "slow",
              "pass": true,
              "fail": false,
              "pending": false,
              "context": null,
              "code": "const testPercentage = 75;\n_progressBarSteps.progressBarSteps.clickStart();\n_progressBarSteps.progressBarSteps.waitForProgressBarToReachPercentage(testPercentage, 30000);\n_progressBarSteps.progressBarSteps.clickStop();\n_progressBarSteps.progressBarSteps.progressBarPercentageIs(testPercentage);\n_progressBarSteps.progressBarSteps.resultIsNotGreaterThen(0);",
              "err": {},
              "uuid": "4354c29e-de2b-432f-bc8c-8c93497a14bd",
              "parentUUID": "a4f20f2c-bfe5-4e1a-a928-f44f3717af26",
              "isHook": false,
              "skipped": false
            }
          ],
          "suites": [],
          "passes": [
            "56481bda-7b5d-4f35-ad6e-e37af1ec1741",
            "4354c29e-de2b-432f-bc8c-8c93497a14bd"
          ],
          "failures": [],
          "pending": [],
          "skipped": [],
          "duration": 23007,
          "root": false,
          "rootEmpty": false,
          "_timeout": 2000
        }
      ],
      "passes": [],
      "failures": [],
      "pending": [],
      "skipped": [],
      "duration": 0,
      "root": true,
      "rootEmpty": true,
      "_timeout": 2000
    }
  ],
  "meta": {
    "mocha": {
      "version": "7.0.1"
    },
    "mochawesome": {
      "options": {
        "quiet": false,
        "reportFilename": "[datetime]_[status]_[name]-report",
        "saveHtml": true,
        "saveJson": true,
        "consoleReporter": "spec",
        "useInlineDiffs": false,
        "code": true
      },
      "version": "7.1.3"
    },
    "marge": {
      "options": {
        "reportDir": "cypress/reports/e2e",
        "reportFilename": "[datetime]_[status]_[name]-report",
        "timestamp": "default",
        "showPassed": true
      },
      "version": "6.2.0"
    }
  }
}