{
  "stats": {
    "suites": 1,
    "tests": 2,
    "passes": 2,
    "pending": 0,
    "failures": 0,
    "start": "2023-08-13T19:26:53.287Z",
    "end": "2023-08-13T19:27:10.732Z",
    "duration": 17445,
    "testsRegistered": 2,
    "passPercent": 100,
    "pendingPercent": 0,
    "other": 0,
    "hasOther": false,
    "skipped": 0,
    "hasSkipped": false
  },
  "results": [
    {
      "uuid": "cc5b38f8-a6c1-4fc3-9cc2-14f918c6051c",
      "title": "",
      "fullFile": "cypress/e2e/regression/progress-bar.spec.cy.js",
      "file": "cypress/e2e/regression/progress-bar.spec.cy.js",
      "beforeHooks": [],
      "afterHooks": [],
      "tests": [],
      "suites": [
        {
          "uuid": "8d8d7022-51f1-4f86-a9cc-2766d403847b",
          "title": "Progress Bar Page (browser chrome, viewport 1920x1080)",
          "fullFile": "",
          "file": "",
          "beforeHooks": [],
          "afterHooks": [],
          "tests": [
            {
              "title": "verifies the header",
              "fullTitle": "Progress Bar Page (browser chrome, viewport 1920x1080) verifies the header",
              "timedOut": null,
              "duration": 746,
              "state": "passed",
              "speed": "fast",
              "pass": true,
              "fail": false,
              "pending": false,
              "context": null,
              "code": "_progressBarSteps.progressBarSteps.titleTextIs('Progress Bar');",
              "err": {},
              "uuid": "36ec5600-1d24-4d31-b60e-062c7a724aed",
              "parentUUID": "8d8d7022-51f1-4f86-a9cc-2766d403847b",
              "isHook": false,
              "skipped": false
            },
            {
              "title": "displays correct % in message when clicking Start > Stop at value",
              "fullTitle": "Progress Bar Page (browser chrome, viewport 1920x1080) displays correct % in message when clicking Start > Stop at value",
              "timedOut": null,
              "duration": 16591,
              "state": "passed",
              "speed": "slow",
              "pass": true,
              "fail": false,
              "pending": false,
              "context": null,
              "code": "const testPercentage = 75;\n_progressBarSteps.progressBarSteps.clickStart();\n_progressBarSteps.progressBarSteps.waitForProgressBarToReachPercentage(testPercentage, 30000);\n_progressBarSteps.progressBarSteps.clickStop();\n_progressBarSteps.progressBarSteps.progressBarPercentageIs(testPercentage);\n_progressBarSteps.progressBarSteps.resultIsNotGreaterThen(0);",
              "err": {},
              "uuid": "bb43b75c-0900-4226-a495-1be3d80096fb",
              "parentUUID": "8d8d7022-51f1-4f86-a9cc-2766d403847b",
              "isHook": false,
              "skipped": false
            }
          ],
          "suites": [],
          "passes": [
            "36ec5600-1d24-4d31-b60e-062c7a724aed",
            "bb43b75c-0900-4226-a495-1be3d80096fb"
          ],
          "failures": [],
          "pending": [],
          "skipped": [],
          "duration": 17337,
          "root": false,
          "rootEmpty": false,
          "_timeout": 2000
        }
      ],
      "passes": [],
      "failures": [],
      "pending": [],
      "skipped": [],
      "duration": 0,
      "root": true,
      "rootEmpty": true,
      "_timeout": 2000
    }
  ],
  "meta": {
    "mocha": {
      "version": "7.0.1"
    },
    "mochawesome": {
      "options": {
        "quiet": false,
        "reportFilename": "[datetime]_[status]_[name]-report",
        "saveHtml": true,
        "saveJson": true,
        "consoleReporter": "spec",
        "useInlineDiffs": false,
        "code": true
      },
      "version": "7.1.3"
    },
    "marge": {
      "options": {
        "reportDir": "cypress/reports/e2e",
        "reportFilename": "[datetime]_[status]_[name]-report",
        "timestamp": "default",
        "showPassed": true
      },
      "version": "6.2.0"
    }
  }
}