{
  "stats": {
    "suites": 1,
    "tests": 2,
    "passes": 2,
    "pending": 0,
    "failures": 0,
    "start": "2023-08-13T19:42:35.670Z",
    "end": "2023-08-13T19:42:37.168Z",
    "duration": 1498,
    "testsRegistered": 2,
    "passPercent": 100,
    "pendingPercent": 0,
    "other": 0,
    "hasOther": false,
    "skipped": 0,
    "hasSkipped": false
  },
  "results": [
    {
      "uuid": "66126394-e845-44bf-90dc-77c97f9190c6",
      "title": "",
      "fullFile": "cypress/e2e/regression/sample_app.spec.cy.js",
      "file": "cypress/e2e/regression/sample_app.spec.cy.js",
      "beforeHooks": [],
      "afterHooks": [],
      "tests": [],
      "suites": [
        {
          "uuid": "101d5dc5-65f9-48d3-ac70-29ded87565b0",
          "title": "Sample App Page (browser chrome, viewport 1920x1080)",
          "fullFile": "",
          "file": "",
          "beforeHooks": [],
          "afterHooks": [],
          "tests": [
            {
              "title": "verifies the header",
              "fullTitle": "Sample App Page (browser chrome, viewport 1920x1080) verifies the header",
              "timedOut": null,
              "duration": 416,
              "state": "passed",
              "speed": "fast",
              "pass": true,
              "fail": false,
              "pending": false,
              "context": null,
              "code": "_sampleAppSteps.sampleAppSteps.titleTextIs('Sample App');",
              "err": {},
              "uuid": "97fff8ae-c18c-48c0-bd8c-e1c9970ece2c",
              "parentUUID": "101d5dc5-65f9-48d3-ac70-29ded87565b0",
              "isHook": false,
              "skipped": false
            },
            {
              "title": "signs in and out with valid credentials: \"username1_\", \"pwd\"",
              "fullTitle": "Sample App Page (browser chrome, viewport 1920x1080) signs in and out with valid credentials: \"username1_\", \"pwd\"",
              "timedOut": null,
              "duration": 1044,
              "state": "passed",
              "speed": "fast",
              "pass": true,
              "fail": false,
              "pending": false,
              "context": null,
              "code": "_sampleAppSteps.sampleAppSteps.verifyLoginFormIsClear();\n_sampleAppSteps.sampleAppSteps.fillInLoginForm(credentials);\n_sampleAppSteps.sampleAppSteps.submitLoginForm();\n_sampleAppSteps.sampleAppSteps.successfulLoginMessageIsDisplayed(credentials.userName);\n_sampleAppSteps.sampleAppSteps.isOnSampleAppPage();\n_sampleAppSteps.sampleAppSteps.hasLogoutButton();\n_sampleAppSteps.sampleAppSteps.clickLogOutBtn();\n_sampleAppSteps.sampleAppSteps.successfulLogOutMessageIsDisplayed();\n_sampleAppSteps.sampleAppSteps.isOnSampleAppPage();\n_sampleAppSteps.sampleAppSteps.verifyLoginFormIsClear();",
              "err": {},
              "uuid": "1776c821-8a8e-4a8c-9c56-9e87d5e40226",
              "parentUUID": "101d5dc5-65f9-48d3-ac70-29ded87565b0",
              "isHook": false,
              "skipped": false
            }
          ],
          "suites": [],
          "passes": [
            "97fff8ae-c18c-48c0-bd8c-e1c9970ece2c",
            "1776c821-8a8e-4a8c-9c56-9e87d5e40226"
          ],
          "failures": [],
          "pending": [],
          "skipped": [],
          "duration": 1460,
          "root": false,
          "rootEmpty": false,
          "_timeout": 2000
        }
      ],
      "passes": [],
      "failures": [],
      "pending": [],
      "skipped": [],
      "duration": 0,
      "root": true,
      "rootEmpty": true,
      "_timeout": 2000
    }
  ],
  "meta": {
    "mocha": {
      "version": "7.0.1"
    },
    "mochawesome": {
      "options": {
        "quiet": false,
        "reportFilename": "[datetime]_[status]_[name]-report",
        "saveHtml": true,
        "saveJson": true,
        "consoleReporter": "spec",
        "useInlineDiffs": false,
        "code": true
      },
      "version": "7.1.3"
    },
    "marge": {
      "options": {
        "reportDir": "cypress/reports/e2e",
        "reportFilename": "[datetime]_[status]_[name]-report",
        "timestamp": "default",
        "showPassed": true
      },
      "version": "6.2.0"
    }
  }
}