{
  "stats": {
    "suites": 1,
    "tests": 2,
    "passes": 2,
    "pending": 0,
    "failures": 0,
    "start": "2023-08-13T19:27:13.301Z",
    "end": "2023-08-13T19:27:14.964Z",
    "duration": 1663,
    "testsRegistered": 2,
    "passPercent": 100,
    "pendingPercent": 0,
    "other": 0,
    "hasOther": false,
    "skipped": 0,
    "hasSkipped": false
  },
  "results": [
    {
      "uuid": "3b170bbd-e8a8-4ab1-81c1-7df6d38be7c3",
      "title": "",
      "fullFile": "cypress/e2e/regression/sample_app.spec.cy.js",
      "file": "cypress/e2e/regression/sample_app.spec.cy.js",
      "beforeHooks": [],
      "afterHooks": [],
      "tests": [],
      "suites": [
        {
          "uuid": "e0bbe92b-14e2-43e8-8eba-0d96efb5c970",
          "title": "Sample App Page (browser chrome, viewport 1920x1080)",
          "fullFile": "",
          "file": "",
          "beforeHooks": [],
          "afterHooks": [],
          "tests": [
            {
              "title": "verifies the header",
              "fullTitle": "Sample App Page (browser chrome, viewport 1920x1080) verifies the header",
              "timedOut": null,
              "duration": 514,
              "state": "passed",
              "speed": "fast",
              "pass": true,
              "fail": false,
              "pending": false,
              "context": null,
              "code": "_sampleAppSteps.sampleAppSteps.titleTextIs('Sample App');",
              "err": {},
              "uuid": "296f9027-c863-4719-8fe4-c8b973d93753",
              "parentUUID": "e0bbe92b-14e2-43e8-8eba-0d96efb5c970",
              "isHook": false,
              "skipped": false
            },
            {
              "title": "signs in and out with valid credentials: \"username1_\", \"pwd\"",
              "fullTitle": "Sample App Page (browser chrome, viewport 1920x1080) signs in and out with valid credentials: \"username1_\", \"pwd\"",
              "timedOut": null,
              "duration": 1089,
              "state": "passed",
              "speed": "fast",
              "pass": true,
              "fail": false,
              "pending": false,
              "context": null,
              "code": "_sampleAppSteps.sampleAppSteps.verifyLoginFormIsClear();\n_sampleAppSteps.sampleAppSteps.fillInLoginForm(credentials);\n_sampleAppSteps.sampleAppSteps.submitLoginForm();\n_sampleAppSteps.sampleAppSteps.successfulLoginMessageIsDisplayed(credentials.userName);\n_sampleAppSteps.sampleAppSteps.isOnSampleAppPage();\n_sampleAppSteps.sampleAppSteps.hasLogoutButton();\n_sampleAppSteps.sampleAppSteps.clickLogOutBtn();\n_sampleAppSteps.sampleAppSteps.successfulLogOutMessageIsDisplayed();\n_sampleAppSteps.sampleAppSteps.isOnSampleAppPage();\n_sampleAppSteps.sampleAppSteps.verifyLoginFormIsClear();",
              "err": {},
              "uuid": "e96dc8b9-a603-43a6-b2da-b58c32985f72",
              "parentUUID": "e0bbe92b-14e2-43e8-8eba-0d96efb5c970",
              "isHook": false,
              "skipped": false
            }
          ],
          "suites": [],
          "passes": [
            "296f9027-c863-4719-8fe4-c8b973d93753",
            "e96dc8b9-a603-43a6-b2da-b58c32985f72"
          ],
          "failures": [],
          "pending": [],
          "skipped": [],
          "duration": 1603,
          "root": false,
          "rootEmpty": false,
          "_timeout": 2000
        }
      ],
      "passes": [],
      "failures": [],
      "pending": [],
      "skipped": [],
      "duration": 0,
      "root": true,
      "rootEmpty": true,
      "_timeout": 2000
    }
  ],
  "meta": {
    "mocha": {
      "version": "7.0.1"
    },
    "mochawesome": {
      "options": {
        "quiet": false,
        "reportFilename": "[datetime]_[status]_[name]-report",
        "saveHtml": true,
        "saveJson": true,
        "consoleReporter": "spec",
        "useInlineDiffs": false,
        "code": true
      },
      "version": "7.1.3"
    },
    "marge": {
      "options": {
        "reportDir": "cypress/reports/e2e",
        "reportFilename": "[datetime]_[status]_[name]-report",
        "timestamp": "default",
        "showPassed": true
      },
      "version": "6.2.0"
    }
  }
}