{
  "stats": {
    "suites": 1,
    "tests": 8,
    "passes": 6,
    "pending": 0,
    "failures": 2,
    "start": "2023-08-13T18:41:48.224Z",
    "end": "2023-08-13T18:42:01.356Z",
    "duration": 13132,
    "testsRegistered": 8,
    "passPercent": 75,
    "pendingPercent": 0,
    "other": 0,
    "hasOther": false,
    "skipped": 0,
    "hasSkipped": false
  },
  "results": [
    {
      "uuid": "f1c79b27-0e72-47b8-b17d-b3e4a711aa56",
      "title": "",
      "fullFile": "cypress/e2e/regression/visibility-spec.cy.js",
      "file": "cypress/e2e/regression/visibility-spec.cy.js",
      "beforeHooks": [],
      "afterHooks": [],
      "tests": [],
      "suites": [
        {
          "uuid": "4ed26dc4-54d9-442a-8d0e-17a58f9cb7b9",
          "title": "Visibility Page (browser: firefox, viewport: 1920x1080)",
          "fullFile": "",
          "file": "",
          "beforeHooks": [],
          "afterHooks": [],
          "tests": [
            {
              "title": "verifies the header",
              "fullTitle": "Visibility Page (browser: firefox, viewport: 1920x1080) verifies the header",
              "timedOut": null,
              "duration": 4650,
              "state": "failed",
              "speed": null,
              "pass": false,
              "fail": true,
              "pending": false,
              "context": null,
              "code": "_visibilitySteps.visibilitySteps.titleTextIs('Visibility');\n_visibilitySteps.visibilitySteps.titleTextIs('Failed Test');",
              "err": {
                "message": "AssertionError: Timed out retrying after 4000ms: expected '<h3>' to have text 'Failed Test', but the text was 'Visibility'",
                "estack": "AssertionError: Timed out retrying after 4000ms: expected '<h3>' to have text 'Failed Test', but the text was 'Visibility'\n    at titleTextIs (webpack:///./cypress/steps/general-steps.js:23:33)\n    at ./cypress/e2e/regression/visibility-spec.cy.js/ (webpack:///./cypress/e2e/regression/visibility-spec.cy.js:13:24)\n    at ../driver/src/cypress/cy.ts/setRunnable/runnable.fn (http://localhost:3000/__cypress/runner/cypress_runner.js:161070:43)\n    at callFn (http://localhost:3000/__cypress/runner/cypress_runner.js:114440:21)\n    at ../driver/src/cypress/runner.ts/create/onRunnableRun (http://localhost:3000/__cypress/runner/cypress_runner.js:168059:30)\n    at finallyHandler (http://localhost:3000/__cypress/runner/cypress_runner.js:15298:23)\n    at tryCatcher (http://localhost:3000/__cypress/runner/cypress_runner.js:18744:23)\n    at ../../node_modules/bluebird/js/release/promise.js/</module.exports/Promise.prototype._settlePromiseFromHandler (http://localhost:3000/__cypress/runner/cypress_runner.js:16679:31)\n    at ../../node_modules/bluebird/js/release/promise.js/</module.exports/Promise.prototype._settlePromise (http://localhost:3000/__cypress/runner/cypress_runner.js:16736:18)\n    at ../../node_modules/bluebird/js/release/promise.js/</module.exports/Promise.prototype._settlePromise0 (http://localhost:3000/__cypress/runner/cypress_runner.js:16781:10)\n    at ../../node_modules/bluebird/js/release/promise.js/</module.exports/Promise.prototype._settlePromises (http://localhost:3000/__cypress/runner/cypress_runner.js:16861:18)\n    at _drainQueueStep (http://localhost:3000/__cypress/runner/cypress_runner.js:13451:12)\n    at _drainQueue (http://localhost:3000/__cypress/runner/cypress_runner.js:13444:24)\n    at ../../node_modules/bluebird/js/release/async.js/</Async.prototype._drainQueues (http://localhost:3000/__cypress/runner/cypress_runner.js:13460:16)\n    at ../../node_modules/bluebird/js/release/async.js/</Async/this.drainQueues (http://localhost:3000/__cypress/runner/cypress_runner.js:13330:14)",
                "diff": "- 'Visibility'\n+ 'Failed Test'\n"
              },
              "uuid": "f91a69e3-dce8-46a2-88af-05e99b7c14b1",
              "parentUUID": "4ed26dc4-54d9-442a-8d0e-17a58f9cb7b9",
              "isHook": false,
              "skipped": false
            },
            {
              "title": "removes \"Removed\" button after clicking on \"Hide\" button",
              "fullTitle": "Visibility Page (browser: firefox, viewport: 1920x1080) removes \"Removed\" button after clicking on \"Hide\" button",
              "timedOut": null,
              "duration": 399,
              "state": "passed",
              "speed": "fast",
              "pass": true,
              "fail": false,
              "pending": false,
              "context": null,
              "code": "_visibilitySteps.visibilitySteps.clickHideBtn();\n// visibilitySteps.removedBtnIsNotInDom()",
              "err": {},
              "uuid": "bdc84a9a-4780-4430-900d-7d8a43346037",
              "parentUUID": "4ed26dc4-54d9-442a-8d0e-17a58f9cb7b9",
              "isHook": false,
              "skipped": false
            },
            {
              "title": "perceived \"Zero Width\" button as invisible after clicking on \"Hide\" button",
              "fullTitle": "Visibility Page (browser: firefox, viewport: 1920x1080) perceived \"Zero Width\" button as invisible after clicking on \"Hide\" button",
              "timedOut": null,
              "duration": 397,
              "state": "passed",
              "speed": "fast",
              "pass": true,
              "fail": false,
              "pending": false,
              "context": null,
              "code": "_visibilitySteps.visibilitySteps.clickHideBtn();\n_visibilitySteps.visibilitySteps.zeroWidthBtnIsInvisible();",
              "err": {},
              "uuid": "fadce31e-49f3-400c-8e60-c313eef631e8",
              "parentUUID": "4ed26dc4-54d9-442a-8d0e-17a58f9cb7b9",
              "isHook": false,
              "skipped": false
            },
            {
              "title": "overlaps \"Overlapped\" button when clicking on \"Hide\" button",
              "fullTitle": "Visibility Page (browser: firefox, viewport: 1920x1080) overlaps \"Overlapped\" button when clicking on \"Hide\" button",
              "timedOut": null,
              "duration": 632,
              "state": "failed",
              "speed": null,
              "pass": false,
              "fail": true,
              "pending": false,
              "context": null,
              "code": "_visibilitySteps.visibilitySteps.clickHideBtn();\n_visibilitySteps.visibilitySteps.overlappedBtnIsOverlapped();",
              "err": {
                "message": "AssertionError: expected 1349 to be at most 1348",
                "estack": "AssertionError: expected 1349 to be at most 1348\n    at isFullOverlap (webpack:///./cypress/steps/visibility-steps.js:24:34)\n    at overlappedBtnIsOverlapped/ (webpack:///./cypress/steps/visibility-steps.js:77:31)\n    at getRet (http://localhost:3000/__cypress/runner/cypress_runner.js:145223:20)\n    at tryCatcher (http://localhost:3000/__cypress/runner/cypress_runner.js:18744:23)\n    at ../../node_modules/bluebird/js/release/method.js/module.exports/Promise.try (http://localhost:3000/__cypress/runner/cypress_runner.js:16018:29)\n    at thenFn (http://localhost:3000/__cypress/runner/cypress_runner.js:145234:60)\n    at then (http://localhost:3000/__cypress/runner/cypress_runner.js:145483:21)\n    at wrapped (http://localhost:3000/__cypress/runner/cypress_runner.js:160816:19)\n    at ../driver/src/cypress/command_queue.ts/runCommand (http://localhost:3000/__cypress/runner/cypress_runner.js:159642:15)\n    at tryCatcher (http://localhost:3000/__cypress/runner/cypress_runner.js:18744:23)\n    at ../../node_modules/bluebird/js/release/promise.js/</module.exports/Promise.prototype._settlePromiseFromHandler (http://localhost:3000/__cypress/runner/cypress_runner.js:16679:31)\n    at ../../node_modules/bluebird/js/release/promise.js/</module.exports/Promise.prototype._settlePromise (http://localhost:3000/__cypress/runner/cypress_runner.js:16736:18)\n    at ../../node_modules/bluebird/js/release/promise.js/</module.exports/Promise.prototype._settlePromiseCtx (http://localhost:3000/__cypress/runner/cypress_runner.js:16773:10)\n    at _drainQueueStep (http://localhost:3000/__cypress/runner/cypress_runner.js:13455:12)\n    at _drainQueue (http://localhost:3000/__cypress/runner/cypress_runner.js:13444:24)\n    at ../../node_modules/bluebird/js/release/async.js/</Async.prototype._drainQueues (http://localhost:3000/__cypress/runner/cypress_runner.js:13460:16)\n    at ../../node_modules/bluebird/js/release/async.js/</Async/this.drainQueues (http://localhost:3000/__cypress/runner/cypress_runner.js:13330:14)",
                "diff": "- 1349\n+ 1348\n"
              },
              "uuid": "87b15b30-421e-4404-922e-0d6568615068",
              "parentUUID": "4ed26dc4-54d9-442a-8d0e-17a58f9cb7b9",
              "isHook": false,
              "skipped": false
            },
            {
              "title": "perceived \"Opacity 0\" button as invisible after clicking on \"Hide\" button",
              "fullTitle": "Visibility Page (browser: firefox, viewport: 1920x1080) perceived \"Opacity 0\" button as invisible after clicking on \"Hide\" button",
              "timedOut": null,
              "duration": 290,
              "state": "passed",
              "speed": "fast",
              "pass": true,
              "fail": false,
              "pending": false,
              "context": null,
              "code": "_visibilitySteps.visibilitySteps.clickHideBtn();\n_visibilitySteps.visibilitySteps.opacityZeroBtnIsInvisible();",
              "err": {},
              "uuid": "8f24f5dd-a94d-4a93-a897-e7d93e8fa959",
              "parentUUID": "4ed26dc4-54d9-442a-8d0e-17a58f9cb7b9",
              "isHook": false,
              "skipped": false
            },
            {
              "title": "perceived \"Visibility Hidden\" button as invisible after clicking on \"Hide\" button",
              "fullTitle": "Visibility Page (browser: firefox, viewport: 1920x1080) perceived \"Visibility Hidden\" button as invisible after clicking on \"Hide\" button",
              "timedOut": null,
              "duration": 279,
              "state": "passed",
              "speed": "fast",
              "pass": true,
              "fail": false,
              "pending": false,
              "context": null,
              "code": "_visibilitySteps.visibilitySteps.clickHideBtn();\n_visibilitySteps.visibilitySteps.visibilityHiddenBtnIsInvisible();",
              "err": {},
              "uuid": "a8a784b9-baf7-4a5f-9056-7078e95917a6",
              "parentUUID": "4ed26dc4-54d9-442a-8d0e-17a58f9cb7b9",
              "isHook": false,
              "skipped": false
            },
            {
              "title": "perceived \"Display None\" button as invisible after clicking on \"Hide\" button",
              "fullTitle": "Visibility Page (browser: firefox, viewport: 1920x1080) perceived \"Display None\" button as invisible after clicking on \"Hide\" button",
              "timedOut": null,
              "duration": 293,
              "state": "passed",
              "speed": "fast",
              "pass": true,
              "fail": false,
              "pending": false,
              "context": null,
              "code": "_visibilitySteps.visibilitySteps.clickHideBtn();\n_visibilitySteps.visibilitySteps.displayNoneBtnIsInvisible();",
              "err": {},
              "uuid": "f9764fcc-83f3-4a45-87de-45d037cb7f7d",
              "parentUUID": "4ed26dc4-54d9-442a-8d0e-17a58f9cb7b9",
              "isHook": false,
              "skipped": false
            },
            {
              "title": "moves \"Offscreen\" button outside viewport after clicking on \"Hide\" button",
              "fullTitle": "Visibility Page (browser: firefox, viewport: 1920x1080) moves \"Offscreen\" button outside viewport after clicking on \"Hide\" button",
              "timedOut": null,
              "duration": 472,
              "state": "passed",
              "speed": "fast",
              "pass": true,
              "fail": false,
              "pending": false,
              "context": null,
              "code": "_visibilitySteps.visibilitySteps.clickHideBtn();\n_visibilitySteps.visibilitySteps.offscreenBtnIsOutsideViewport();",
              "err": {},
              "uuid": "dd416786-1175-424e-9725-a6b2589f332d",
              "parentUUID": "4ed26dc4-54d9-442a-8d0e-17a58f9cb7b9",
              "isHook": false,
              "skipped": false
            }
          ],
          "suites": [],
          "passes": [
            "bdc84a9a-4780-4430-900d-7d8a43346037",
            "fadce31e-49f3-400c-8e60-c313eef631e8",
            "8f24f5dd-a94d-4a93-a897-e7d93e8fa959",
            "a8a784b9-baf7-4a5f-9056-7078e95917a6",
            "f9764fcc-83f3-4a45-87de-45d037cb7f7d",
            "dd416786-1175-424e-9725-a6b2589f332d"
          ],
          "failures": [
            "f91a69e3-dce8-46a2-88af-05e99b7c14b1",
            "87b15b30-421e-4404-922e-0d6568615068"
          ],
          "pending": [],
          "skipped": [],
          "duration": 7412,
          "root": false,
          "rootEmpty": false,
          "_timeout": 2000
        }
      ],
      "passes": [],
      "failures": [],
      "pending": [],
      "skipped": [],
      "duration": 0,
      "root": true,
      "rootEmpty": true,
      "_timeout": 2000
    }
  ],
  "meta": {
    "mocha": {
      "version": "7.0.1"
    },
    "mochawesome": {
      "options": {
        "quiet": false,
        "reportFilename": "[datetime]_[status]_[name]-report",
        "saveHtml": true,
        "saveJson": true,
        "consoleReporter": "spec",
        "useInlineDiffs": false,
        "code": true
      },
      "version": "7.1.3"
    },
    "marge": {
      "options": {
        "reportDir": "cypress/reports/e2e",
        "overwrite": false,
        "reportFilename": "[datetime]_[status]_[name]-report",
        "timestamp": "default",
        "showPassed": true
      },
      "version": "6.2.0"
    }
  }
}