{
  "stats": {
    "suites": 1,
    "tests": 8,
    "passes": 7,
    "pending": 0,
    "failures": 1,
    "start": "2023-08-13T19:42:45.216Z",
    "end": "2023-08-13T19:42:56.505Z",
    "duration": 11289,
    "testsRegistered": 8,
    "passPercent": 87.5,
    "pendingPercent": 0,
    "other": 0,
    "hasOther": false,
    "skipped": 0,
    "hasSkipped": false
  },
  "results": [
    {
      "uuid": "649b4137-63a0-4f63-b95c-b272c45b9a92",
      "title": "",
      "fullFile": "cypress/e2e/regression/visibility-spec.cy.js",
      "file": "cypress/e2e/regression/visibility-spec.cy.js",
      "beforeHooks": [],
      "afterHooks": [],
      "tests": [],
      "suites": [
        {
          "uuid": "d818e66f-51a1-4720-963f-0440b08c3896",
          "title": "Visibility Page (browser chrome, viewport 1920x1080)",
          "fullFile": "",
          "file": "",
          "beforeHooks": [],
          "afterHooks": [],
          "tests": [
            {
              "title": "verifies the header",
              "fullTitle": "Visibility Page (browser chrome, viewport 1920x1080) verifies the header",
              "timedOut": null,
              "duration": 4489,
              "state": "failed",
              "speed": null,
              "pass": false,
              "fail": true,
              "pending": false,
              "context": "\"screenshots/visibility-spec.cy.js/Visibility Page (browser chrome, viewport 1920x1080) -- verifies the header (failed) (attempt 2).png\"",
              "code": "_visibilitySteps.visibilitySteps.titleTextIs('Visibility');\n_visibilitySteps.visibilitySteps.titleTextIs('Failed Test');",
              "err": {
                "message": "AssertionError: Timed out retrying after 4000ms: expected '<h3>' to have text 'Failed Test', but the text was 'Visibility'",
                "estack": "AssertionError: Timed out retrying after 4000ms: expected '<h3>' to have text 'Failed Test', but the text was 'Visibility'\n    at VisibilitySteps.titleTextIs (webpack:///./cypress/steps/general-steps.js:23:33)\n    at Context.eval (webpack:///./cypress/e2e/regression/visibility-spec.cy.js:13:24)",
                "diff": "- 'Visibility'\n+ 'Failed Test'\n"
              },
              "uuid": "a1ab232f-e623-4c2b-bd25-5e781c7eb688",
              "parentUUID": "d818e66f-51a1-4720-963f-0440b08c3896",
              "isHook": false,
              "skipped": false
            },
            {
              "title": "removes \"Removed\" button after clicking on \"Hide\" button",
              "fullTitle": "Visibility Page (browser chrome, viewport 1920x1080) removes \"Removed\" button after clicking on \"Hide\" button",
              "timedOut": null,
              "duration": 297,
              "state": "passed",
              "speed": "fast",
              "pass": true,
              "fail": false,
              "pending": false,
              "context": null,
              "code": "_visibilitySteps.visibilitySteps.clickHideBtn();\n// visibilitySteps.removedBtnIsNotInDom()",
              "err": {},
              "uuid": "1fb33f93-4616-486e-89f3-c4e699224277",
              "parentUUID": "d818e66f-51a1-4720-963f-0440b08c3896",
              "isHook": false,
              "skipped": false
            },
            {
              "title": "perceived \"Zero Width\" button as invisible after clicking on \"Hide\" button",
              "fullTitle": "Visibility Page (browser chrome, viewport 1920x1080) perceived \"Zero Width\" button as invisible after clicking on \"Hide\" button",
              "timedOut": null,
              "duration": 301,
              "state": "passed",
              "speed": "fast",
              "pass": true,
              "fail": false,
              "pending": false,
              "context": null,
              "code": "_visibilitySteps.visibilitySteps.clickHideBtn();\n_visibilitySteps.visibilitySteps.zeroWidthBtnIsInvisible();",
              "err": {},
              "uuid": "2e8151a0-0f22-40c1-88ca-f18031010ece",
              "parentUUID": "d818e66f-51a1-4720-963f-0440b08c3896",
              "isHook": false,
              "skipped": false
            },
            {
              "title": "overlaps \"Overlapped\" button when clicking on \"Hide\" button",
              "fullTitle": "Visibility Page (browser chrome, viewport 1920x1080) overlaps \"Overlapped\" button when clicking on \"Hide\" button",
              "timedOut": null,
              "duration": 319,
              "state": "passed",
              "speed": "fast",
              "pass": true,
              "fail": false,
              "pending": false,
              "context": null,
              "code": "_visibilitySteps.visibilitySteps.clickHideBtn();\n_visibilitySteps.visibilitySteps.overlappedBtnIsOverlapped();",
              "err": {},
              "uuid": "d2b8f12a-f812-40b0-8a12-73b663e5b329",
              "parentUUID": "d818e66f-51a1-4720-963f-0440b08c3896",
              "isHook": false,
              "skipped": false
            },
            {
              "title": "perceived \"Opacity 0\" button as invisible after clicking on \"Hide\" button",
              "fullTitle": "Visibility Page (browser chrome, viewport 1920x1080) perceived \"Opacity 0\" button as invisible after clicking on \"Hide\" button",
              "timedOut": null,
              "duration": 271,
              "state": "passed",
              "speed": "fast",
              "pass": true,
              "fail": false,
              "pending": false,
              "context": null,
              "code": "_visibilitySteps.visibilitySteps.clickHideBtn();\n_visibilitySteps.visibilitySteps.opacityZeroBtnIsInvisible();",
              "err": {},
              "uuid": "5675ca5b-020d-4562-9401-974352c275c7",
              "parentUUID": "d818e66f-51a1-4720-963f-0440b08c3896",
              "isHook": false,
              "skipped": false
            },
            {
              "title": "perceived \"Visibility Hidden\" button as invisible after clicking on \"Hide\" button",
              "fullTitle": "Visibility Page (browser chrome, viewport 1920x1080) perceived \"Visibility Hidden\" button as invisible after clicking on \"Hide\" button",
              "timedOut": null,
              "duration": 264,
              "state": "passed",
              "speed": "fast",
              "pass": true,
              "fail": false,
              "pending": false,
              "context": null,
              "code": "_visibilitySteps.visibilitySteps.clickHideBtn();\n_visibilitySteps.visibilitySteps.visibilityHiddenBtnIsInvisible();",
              "err": {},
              "uuid": "c2b26ab5-5eea-4532-aeec-8de3fca16859",
              "parentUUID": "d818e66f-51a1-4720-963f-0440b08c3896",
              "isHook": false,
              "skipped": false
            },
            {
              "title": "perceived \"Display None\" button as invisible after clicking on \"Hide\" button",
              "fullTitle": "Visibility Page (browser chrome, viewport 1920x1080) perceived \"Display None\" button as invisible after clicking on \"Hide\" button",
              "timedOut": null,
              "duration": 298,
              "state": "passed",
              "speed": "fast",
              "pass": true,
              "fail": false,
              "pending": false,
              "context": null,
              "code": "_visibilitySteps.visibilitySteps.clickHideBtn();\n_visibilitySteps.visibilitySteps.displayNoneBtnIsInvisible();",
              "err": {},
              "uuid": "da58fd1a-fea0-440d-803e-9622724eeec7",
              "parentUUID": "d818e66f-51a1-4720-963f-0440b08c3896",
              "isHook": false,
              "skipped": false
            },
            {
              "title": "moves \"Offscreen\" button outside viewport after clicking on \"Hide\" button",
              "fullTitle": "Visibility Page (browser chrome, viewport 1920x1080) moves \"Offscreen\" button outside viewport after clicking on \"Hide\" button",
              "timedOut": null,
              "duration": 313,
              "state": "passed",
              "speed": "fast",
              "pass": true,
              "fail": false,
              "pending": false,
              "context": null,
              "code": "_visibilitySteps.visibilitySteps.clickHideBtn();\n_visibilitySteps.visibilitySteps.offscreenBtnIsOutsideViewport();",
              "err": {},
              "uuid": "03caadaf-baae-43c7-bac0-7bef19b84e84",
              "parentUUID": "d818e66f-51a1-4720-963f-0440b08c3896",
              "isHook": false,
              "skipped": false
            }
          ],
          "suites": [],
          "passes": [
            "1fb33f93-4616-486e-89f3-c4e699224277",
            "2e8151a0-0f22-40c1-88ca-f18031010ece",
            "d2b8f12a-f812-40b0-8a12-73b663e5b329",
            "5675ca5b-020d-4562-9401-974352c275c7",
            "c2b26ab5-5eea-4532-aeec-8de3fca16859",
            "da58fd1a-fea0-440d-803e-9622724eeec7",
            "03caadaf-baae-43c7-bac0-7bef19b84e84"
          ],
          "failures": [
            "a1ab232f-e623-4c2b-bd25-5e781c7eb688"
          ],
          "pending": [],
          "skipped": [],
          "duration": 6552,
          "root": false,
          "rootEmpty": false,
          "_timeout": 2000
        }
      ],
      "passes": [],
      "failures": [],
      "pending": [],
      "skipped": [],
      "duration": 0,
      "root": true,
      "rootEmpty": true,
      "_timeout": 2000
    }
  ],
  "meta": {
    "mocha": {
      "version": "7.0.1"
    },
    "mochawesome": {
      "options": {
        "quiet": false,
        "reportFilename": "[datetime]_[status]_[name]-report",
        "saveHtml": true,
        "saveJson": true,
        "consoleReporter": "spec",
        "useInlineDiffs": false,
        "code": true
      },
      "version": "7.1.3"
    },
    "marge": {
      "options": {
        "reportDir": "cypress/reports/e2e",
        "reportFilename": "[datetime]_[status]_[name]-report",
        "timestamp": "default",
        "showPassed": true
      },
      "version": "6.2.0"
    }
  }
}