{
  "stats": {
    "suites": 1,
    "tests": 2,
    "passes": 2,
    "pending": 0,
    "failures": 0,
    "start": "2023-08-13T19:42:06.825Z",
    "end": "2023-08-13T19:42:07.828Z",
    "duration": 1003,
    "testsRegistered": 2,
    "passPercent": 100,
    "pendingPercent": 0,
    "other": 0,
    "hasOther": false,
    "skipped": 0,
    "hasSkipped": false
  },
  "results": [
    {
      "uuid": "a67da42f-dfac-4323-a043-ef21a7fd0086",
      "title": "",
      "fullFile": "cypress/e2e/regression/overlapped_element.spec.cy.js",
      "file": "cypress/e2e/regression/overlapped_element.spec.cy.js",
      "beforeHooks": [],
      "afterHooks": [],
      "tests": [],
      "suites": [
        {
          "uuid": "221d9228-6f10-4297-998a-ef9bd6512c23",
          "title": "AJAX Data Page (browser chrome, viewport 1920x1080)",
          "fullFile": "",
          "file": "",
          "beforeHooks": [],
          "afterHooks": [],
          "tests": [
            {
              "title": "verifies the header",
              "fullTitle": "AJAX Data Page (browser chrome, viewport 1920x1080) verifies the header",
              "timedOut": null,
              "duration": 445,
              "state": "passed",
              "speed": "fast",
              "pass": true,
              "fail": false,
              "pending": false,
              "context": null,
              "code": "_overlappedElementSteps.overlappedElementSteps.titleTextIs('Overlapped Element');",
              "err": {},
              "uuid": "bc700404-79c5-40c0-98e2-6abb21a41fb2",
              "parentUUID": "221d9228-6f10-4297-998a-ef9bd6512c23",
              "isHook": false,
              "skipped": false
            },
            {
              "title": "scrolls to Name input field and validates the text",
              "fullTitle": "AJAX Data Page (browser chrome, viewport 1920x1080) scrolls to Name input field and validates the text",
              "timedOut": null,
              "duration": 518,
              "state": "passed",
              "speed": "fast",
              "pass": true,
              "fail": false,
              "pending": false,
              "context": null,
              "code": "_overlappedElementSteps.overlappedElementSteps.scrollAndFillInName('Test Name');\n_overlappedElementSteps.overlappedElementSteps.nameFieldValueIs('Test Name');",
              "err": {},
              "uuid": "5683cbbb-855e-4821-853d-8ca6e664bcc2",
              "parentUUID": "221d9228-6f10-4297-998a-ef9bd6512c23",
              "isHook": false,
              "skipped": false
            }
          ],
          "suites": [],
          "passes": [
            "bc700404-79c5-40c0-98e2-6abb21a41fb2",
            "5683cbbb-855e-4821-853d-8ca6e664bcc2"
          ],
          "failures": [],
          "pending": [],
          "skipped": [],
          "duration": 963,
          "root": false,
          "rootEmpty": false,
          "_timeout": 2000
        }
      ],
      "passes": [],
      "failures": [],
      "pending": [],
      "skipped": [],
      "duration": 0,
      "root": true,
      "rootEmpty": true,
      "_timeout": 2000
    }
  ],
  "meta": {
    "mocha": {
      "version": "7.0.1"
    },
    "mochawesome": {
      "options": {
        "quiet": false,
        "reportFilename": "[datetime]_[status]_[name]-report",
        "saveHtml": true,
        "saveJson": true,
        "consoleReporter": "spec",
        "useInlineDiffs": false,
        "code": true
      },
      "version": "7.1.3"
    },
    "marge": {
      "options": {
        "reportDir": "cypress/reports/e2e",
        "reportFilename": "[datetime]_[status]_[name]-report",
        "timestamp": "default",
        "showPassed": true
      },
      "version": "6.2.0"
    }
  }
}