{
  "stats": {
    "suites": 1,
    "tests": 1,
    "passes": 1,
    "pending": 0,
    "failures": 0,
    "start": "2023-08-13T19:26:34.857Z",
    "end": "2023-08-13T19:26:35.658Z",
    "duration": 801,
    "testsRegistered": 1,
    "passPercent": 100,
    "pendingPercent": 0,
    "other": 0,
    "hasOther": false,
    "skipped": 0,
    "hasSkipped": false
  },
  "results": [
    {
      "uuid": "4d16a2fa-046e-4689-8e7e-14324b26e28e",
      "title": "",
      "fullFile": "cypress/e2e/regression/dynamic-table.spec.cy.js",
      "file": "cypress/e2e/regression/dynamic-table.spec.cy.js",
      "beforeHooks": [],
      "afterHooks": [],
      "tests": [],
      "suites": [
        {
          "uuid": "9c41d51f-ad4b-4fea-9ef3-7670e9549f38",
          "title": "AJAX Data Page (browser chrome, viewport 1920x1080)",
          "fullFile": "",
          "file": "",
          "beforeHooks": [],
          "afterHooks": [],
          "tests": [
            {
              "title": "Chrome CPU Load table value equals one in the yellow label",
              "fullTitle": "AJAX Data Page (browser chrome, viewport 1920x1080) Chrome CPU Load table value equals one in the yellow label",
              "timedOut": null,
              "duration": 727,
              "state": "passed",
              "speed": "fast",
              "pass": true,
              "fail": false,
              "pending": false,
              "context": null,
              "code": "const processName = 'Chrome';\n//todo: change Chrome to a var\n//https://glebbahmutov.com/cypress-examples/recipes/get-text-list.html#filter-items-by-text\n//https://glebbahmutov.com/cypress-examples/recipes/table-cell-by-column-heading.html#find-a-specific-cell\n_dynamicTableSteps.dynamicTableSteps.compareValuesInTableAndWarnFor('Chrome', 'CPU');",
              "err": {},
              "uuid": "bda024db-3d79-40d4-8648-88d9b83d0e84",
              "parentUUID": "9c41d51f-ad4b-4fea-9ef3-7670e9549f38",
              "isHook": false,
              "skipped": false
            }
          ],
          "suites": [],
          "passes": [
            "bda024db-3d79-40d4-8648-88d9b83d0e84"
          ],
          "failures": [],
          "pending": [],
          "skipped": [],
          "duration": 727,
          "root": false,
          "rootEmpty": false,
          "_timeout": 2000
        }
      ],
      "passes": [],
      "failures": [],
      "pending": [],
      "skipped": [],
      "duration": 0,
      "root": true,
      "rootEmpty": true,
      "_timeout": 2000
    }
  ],
  "meta": {
    "mocha": {
      "version": "7.0.1"
    },
    "mochawesome": {
      "options": {
        "quiet": false,
        "reportFilename": "[datetime]_[status]_[name]-report",
        "saveHtml": true,
        "saveJson": true,
        "consoleReporter": "spec",
        "useInlineDiffs": false,
        "code": true
      },
      "version": "7.1.3"
    },
    "marge": {
      "options": {
        "reportDir": "cypress/reports/e2e",
        "reportFilename": "[datetime]_[status]_[name]-report",
        "timestamp": "default",
        "showPassed": true
      },
      "version": "6.2.0"
    }
  }
}