{
  "stats": {
    "suites": 1,
    "tests": 7,
    "passes": 7,
    "pending": 0,
    "failures": 0,
    "start": "2023-08-13T19:42:59.528Z",
    "end": "2023-08-13T19:43:01.175Z",
    "duration": 1647,
    "testsRegistered": 7,
    "passPercent": 100,
    "pendingPercent": 0,
    "other": 0,
    "hasOther": false,
    "skipped": 0,
    "hasSkipped": false
  },
  "results": [
    {
      "uuid": "27bf3431-b4cc-45cf-8923-82a0596e82a3",
      "title": "",
      "fullFile": "cypress/e2e/smoke/open-all-pages-specs.cy.js",
      "file": "cypress/e2e/smoke/open-all-pages-specs.cy.js",
      "beforeHooks": [],
      "afterHooks": [],
      "tests": [],
      "suites": [
        {
          "uuid": "da880c19-2b0d-4436-8ab5-512297dffcac",
          "title": "Loads all the pages (browser: chrome, viewport: 1920x1080)",
          "fullFile": "",
          "file": "",
          "beforeHooks": [],
          "afterHooks": [],
          "tests": [
            {
              "title": "Visibility page loads and has title",
              "fullTitle": "Loads all the pages (browser: chrome, viewport: 1920x1080) Visibility page loads and has title",
              "timedOut": null,
              "duration": 424,
              "state": "passed",
              "speed": "fast",
              "pass": true,
              "fail": false,
              "pending": false,
              "context": null,
              "code": "_ajaxDataSteps.ajaxDataSteps.visit();\n_ajaxDataSteps.ajaxDataSteps.hasTitle();",
              "err": {},
              "uuid": "0b25786d-b44f-4077-8eeb-8f2f499b8866",
              "parentUUID": "da880c19-2b0d-4436-8ab5-512297dffcac",
              "isHook": false,
              "skipped": false
            },
            {
              "title": "Visibility page loads and has title",
              "fullTitle": "Loads all the pages (browser: chrome, viewport: 1920x1080) Visibility page loads and has title",
              "timedOut": null,
              "duration": 243,
              "state": "passed",
              "speed": "fast",
              "pass": true,
              "fail": false,
              "pending": false,
              "context": null,
              "code": "_dynamicTableSteps.dynamicTableSteps.visit();\n_dynamicTableSteps.dynamicTableSteps.hasTitle();",
              "err": {},
              "uuid": "257895f8-d7e9-47b0-9751-53a08bf3c713",
              "parentUUID": "da880c19-2b0d-4436-8ab5-512297dffcac",
              "isHook": false,
              "skipped": false
            },
            {
              "title": "Visibility page loads and has title",
              "fullTitle": "Loads all the pages (browser: chrome, viewport: 1920x1080) Visibility page loads and has title",
              "timedOut": null,
              "duration": 174,
              "state": "passed",
              "speed": "fast",
              "pass": true,
              "fail": false,
              "pending": false,
              "context": null,
              "code": "_overlappedElementSteps.overlappedElementSteps.visit();\n_overlappedElementSteps.overlappedElementSteps.hasTitle();",
              "err": {},
              "uuid": "f61236a8-cb76-4563-9025-7bf6aed83a85",
              "parentUUID": "da880c19-2b0d-4436-8ab5-512297dffcac",
              "isHook": false,
              "skipped": false
            },
            {
              "title": "Visibility page loads and has title",
              "fullTitle": "Loads all the pages (browser: chrome, viewport: 1920x1080) Visibility page loads and has title",
              "timedOut": null,
              "duration": 181,
              "state": "passed",
              "speed": "fast",
              "pass": true,
              "fail": false,
              "pending": false,
              "context": null,
              "code": "_progressBarSteps.progressBarSteps.visit();\n_progressBarSteps.progressBarSteps.hasTitle();",
              "err": {},
              "uuid": "7d7e0c7c-fd2a-476f-a607-cdcc441d017f",
              "parentUUID": "da880c19-2b0d-4436-8ab5-512297dffcac",
              "isHook": false,
              "skipped": false
            },
            {
              "title": "Visibility page loads and has title",
              "fullTitle": "Loads all the pages (browser: chrome, viewport: 1920x1080) Visibility page loads and has title",
              "timedOut": null,
              "duration": 198,
              "state": "passed",
              "speed": "fast",
              "pass": true,
              "fail": false,
              "pending": false,
              "context": null,
              "code": "_sampleAppSteps.sampleAppSteps.visit();\n_sampleAppSteps.sampleAppSteps.hasTitle();",
              "err": {},
              "uuid": "6e74139d-9fe9-49bc-adb5-03ab1ed927bc",
              "parentUUID": "da880c19-2b0d-4436-8ab5-512297dffcac",
              "isHook": false,
              "skipped": false
            },
            {
              "title": "Visibility page loads and has title",
              "fullTitle": "Loads all the pages (browser: chrome, viewport: 1920x1080) Visibility page loads and has title",
              "timedOut": null,
              "duration": 186,
              "state": "passed",
              "speed": "fast",
              "pass": true,
              "fail": false,
              "pending": false,
              "context": null,
              "code": "_textInputSteps.textInputSteps.visit();\n_textInputSteps.textInputSteps.hasTitle();",
              "err": {},
              "uuid": "1f3c2ba6-646e-42b6-9d4e-bb66f1b021f5",
              "parentUUID": "da880c19-2b0d-4436-8ab5-512297dffcac",
              "isHook": false,
              "skipped": false
            },
            {
              "title": "Visibility page loads and has title",
              "fullTitle": "Loads all the pages (browser: chrome, viewport: 1920x1080) Visibility page loads and has title",
              "timedOut": null,
              "duration": 182,
              "state": "passed",
              "speed": "fast",
              "pass": true,
              "fail": false,
              "pending": false,
              "context": null,
              "code": "_visibilitySteps.visibilitySteps.visit();\n_visibilitySteps.visibilitySteps.hasTitle();",
              "err": {},
              "uuid": "d8fb7403-a183-4317-a1de-4a8e60c2e9ca",
              "parentUUID": "da880c19-2b0d-4436-8ab5-512297dffcac",
              "isHook": false,
              "skipped": false
            }
          ],
          "suites": [],
          "passes": [
            "0b25786d-b44f-4077-8eeb-8f2f499b8866",
            "257895f8-d7e9-47b0-9751-53a08bf3c713",
            "f61236a8-cb76-4563-9025-7bf6aed83a85",
            "7d7e0c7c-fd2a-476f-a607-cdcc441d017f",
            "6e74139d-9fe9-49bc-adb5-03ab1ed927bc",
            "1f3c2ba6-646e-42b6-9d4e-bb66f1b021f5",
            "d8fb7403-a183-4317-a1de-4a8e60c2e9ca"
          ],
          "failures": [],
          "pending": [],
          "skipped": [],
          "duration": 1588,
          "root": false,
          "rootEmpty": false,
          "_timeout": 2000
        }
      ],
      "passes": [],
      "failures": [],
      "pending": [],
      "skipped": [],
      "duration": 0,
      "root": true,
      "rootEmpty": true,
      "_timeout": 2000
    }
  ],
  "meta": {
    "mocha": {
      "version": "7.0.1"
    },
    "mochawesome": {
      "options": {
        "quiet": false,
        "reportFilename": "[datetime]_[status]_[name]-report",
        "saveHtml": true,
        "saveJson": true,
        "consoleReporter": "spec",
        "useInlineDiffs": false,
        "code": true
      },
      "version": "7.1.3"
    },
    "marge": {
      "options": {
        "reportDir": "cypress/reports/e2e",
        "reportFilename": "[datetime]_[status]_[name]-report",
        "timestamp": "default",
        "showPassed": true
      },
      "version": "6.2.0"
    }
  }
}