{
  "stats": {
    "suites": 1,
    "tests": 2,
    "passes": 2,
    "pending": 0,
    "failures": 0,
    "start": "2023-08-13T19:52:14.386Z",
    "end": "2023-08-13T19:52:16.881Z",
    "duration": 2495,
    "testsRegistered": 2,
    "passPercent": 100,
    "pendingPercent": 0,
    "other": 0,
    "hasOther": false,
    "skipped": 0,
    "hasSkipped": false
  },
  "results": [
    {
      "uuid": "3119d77a-16e6-4655-a30c-6f4bbb8a7387",
      "title": "",
      "fullFile": "cypress/e2e/regression/sample_app.spec.cy.js",
      "file": "cypress/e2e/regression/sample_app.spec.cy.js",
      "beforeHooks": [],
      "afterHooks": [],
      "tests": [],
      "suites": [
        {
          "uuid": "55231338-69d3-4e36-9043-07482bd4252a",
          "title": "Sample App Page (browser electron, viewport 1000x660)",
          "fullFile": "",
          "file": "",
          "beforeHooks": [],
          "afterHooks": [],
          "tests": [
            {
              "title": "verifies the header",
              "fullTitle": "Sample App Page (browser electron, viewport 1000x660) verifies the header",
              "timedOut": null,
              "duration": 798,
              "state": "passed",
              "speed": "fast",
              "pass": true,
              "fail": false,
              "pending": false,
              "context": null,
              "code": "_sampleAppSteps.sampleAppSteps.titleTextIs('Sample App');",
              "err": {},
              "uuid": "cb531e65-a6d3-47f5-bc12-0d87e50565ba",
              "parentUUID": "55231338-69d3-4e36-9043-07482bd4252a",
              "isHook": false,
              "skipped": false
            },
            {
              "title": "signs in and out with valid credentials: \"username1_\", \"pwd\"",
              "fullTitle": "Sample App Page (browser electron, viewport 1000x660) signs in and out with valid credentials: \"username1_\", \"pwd\"",
              "timedOut": null,
              "duration": 1626,
              "state": "passed",
              "speed": "fast",
              "pass": true,
              "fail": false,
              "pending": false,
              "context": null,
              "code": "_sampleAppSteps.sampleAppSteps.verifyLoginFormIsClear();\n_sampleAppSteps.sampleAppSteps.fillInLoginForm(credentials);\n_sampleAppSteps.sampleAppSteps.submitLoginForm();\n_sampleAppSteps.sampleAppSteps.successfulLoginMessageIsDisplayed(credentials.userName);\n_sampleAppSteps.sampleAppSteps.isOnSampleAppPage();\n_sampleAppSteps.sampleAppSteps.hasLogoutButton();\n_sampleAppSteps.sampleAppSteps.clickLogOutBtn();\n_sampleAppSteps.sampleAppSteps.successfulLogOutMessageIsDisplayed();\n_sampleAppSteps.sampleAppSteps.isOnSampleAppPage();\n_sampleAppSteps.sampleAppSteps.verifyLoginFormIsClear();",
              "err": {},
              "uuid": "2178f71c-0d5b-4948-ae42-f4cc36b874fc",
              "parentUUID": "55231338-69d3-4e36-9043-07482bd4252a",
              "isHook": false,
              "skipped": false
            }
          ],
          "suites": [],
          "passes": [
            "cb531e65-a6d3-47f5-bc12-0d87e50565ba",
            "2178f71c-0d5b-4948-ae42-f4cc36b874fc"
          ],
          "failures": [],
          "pending": [],
          "skipped": [],
          "duration": 2424,
          "root": false,
          "rootEmpty": false,
          "_timeout": 2000
        }
      ],
      "passes": [],
      "failures": [],
      "pending": [],
      "skipped": [],
      "duration": 0,
      "root": true,
      "rootEmpty": true,
      "_timeout": 2000
    }
  ],
  "meta": {
    "mocha": {
      "version": "7.0.1"
    },
    "mochawesome": {
      "options": {
        "quiet": false,
        "reportFilename": "[datetime]_[status]_[name]-report",
        "saveHtml": true,
        "saveJson": true,
        "consoleReporter": "spec",
        "useInlineDiffs": false,
        "code": true
      },
      "version": "7.1.3"
    },
    "marge": {
      "options": {
        "reportDir": "cypress/reports/e2e",
        "reportFilename": "[datetime]_[status]_[name]-report",
        "timestamp": "default",
        "showPassed": true
      },
      "version": "6.2.0"
    }
  }
}