{
  "stats": {
    "suites": 1,
    "tests": 2,
    "passes": 2,
    "pending": 0,
    "failures": 0,
    "start": "2023-08-13T19:51:54.845Z",
    "end": "2023-08-13T19:52:11.969Z",
    "duration": 17124,
    "testsRegistered": 2,
    "passPercent": 100,
    "pendingPercent": 0,
    "other": 0,
    "hasOther": false,
    "skipped": 0,
    "hasSkipped": false
  },
  "results": [
    {
      "uuid": "f53b6099-2407-47e2-878f-8e5e33ce95b6",
      "title": "",
      "fullFile": "cypress/e2e/regression/progress-bar.spec.cy.js",
      "file": "cypress/e2e/regression/progress-bar.spec.cy.js",
      "beforeHooks": [],
      "afterHooks": [],
      "tests": [],
      "suites": [
        {
          "uuid": "7d32d359-9f5e-4a77-b640-f7bad820ca8c",
          "title": "Progress Bar Page (browser electron, viewport 1000x660)",
          "fullFile": "",
          "file": "",
          "beforeHooks": [],
          "afterHooks": [],
          "tests": [
            {
              "title": "verifies the header",
              "fullTitle": "Progress Bar Page (browser electron, viewport 1000x660) verifies the header",
              "timedOut": null,
              "duration": 467,
              "state": "passed",
              "speed": "fast",
              "pass": true,
              "fail": false,
              "pending": false,
              "context": null,
              "code": "_progressBarSteps.progressBarSteps.titleTextIs('Progress Bar');",
              "err": {},
              "uuid": "7435c267-f6d5-4abc-bea2-04780b80d109",
              "parentUUID": "7d32d359-9f5e-4a77-b640-f7bad820ca8c",
              "isHook": false,
              "skipped": false
            },
            {
              "title": "displays correct % in message when clicking Start > Stop at value",
              "fullTitle": "Progress Bar Page (browser electron, viewport 1000x660) displays correct % in message when clicking Start > Stop at value",
              "timedOut": null,
              "duration": 16524,
              "state": "passed",
              "speed": "slow",
              "pass": true,
              "fail": false,
              "pending": false,
              "context": null,
              "code": "const testPercentage = 75;\n_progressBarSteps.progressBarSteps.clickStart();\n_progressBarSteps.progressBarSteps.waitForProgressBarToReachPercentage(testPercentage, 30000);\n_progressBarSteps.progressBarSteps.clickStop();\n_progressBarSteps.progressBarSteps.progressBarPercentageIs(testPercentage);\n_progressBarSteps.progressBarSteps.resultIsNotGreaterThen(0);",
              "err": {},
              "uuid": "23523ec8-dd1d-4a01-95a7-5f6efec4dad7",
              "parentUUID": "7d32d359-9f5e-4a77-b640-f7bad820ca8c",
              "isHook": false,
              "skipped": false
            }
          ],
          "suites": [],
          "passes": [
            "7435c267-f6d5-4abc-bea2-04780b80d109",
            "23523ec8-dd1d-4a01-95a7-5f6efec4dad7"
          ],
          "failures": [],
          "pending": [],
          "skipped": [],
          "duration": 16991,
          "root": false,
          "rootEmpty": false,
          "_timeout": 2000
        }
      ],
      "passes": [],
      "failures": [],
      "pending": [],
      "skipped": [],
      "duration": 0,
      "root": true,
      "rootEmpty": true,
      "_timeout": 2000
    }
  ],
  "meta": {
    "mocha": {
      "version": "7.0.1"
    },
    "mochawesome": {
      "options": {
        "quiet": false,
        "reportFilename": "[datetime]_[status]_[name]-report",
        "saveHtml": true,
        "saveJson": true,
        "consoleReporter": "spec",
        "useInlineDiffs": false,
        "code": true
      },
      "version": "7.1.3"
    },
    "marge": {
      "options": {
        "reportDir": "cypress/reports/e2e",
        "reportFilename": "[datetime]_[status]_[name]-report",
        "timestamp": "default",
        "showPassed": true
      },
      "version": "6.2.0"
    }
  }
}