{
  "stats": {
    "suites": 1,
    "tests": 8,
    "passes": 7,
    "pending": 0,
    "failures": 1,
    "start": "2023-08-13T19:52:26.027Z",
    "end": "2023-08-13T19:52:38.566Z",
    "duration": 12539,
    "testsRegistered": 8,
    "passPercent": 87.5,
    "pendingPercent": 0,
    "other": 0,
    "hasOther": false,
    "skipped": 0,
    "hasSkipped": false
  },
  "results": [
    {
      "uuid": "6ca2b867-059a-4830-a4b4-0fc466f41c89",
      "title": "",
      "fullFile": "cypress/e2e/regression/visibility-spec.cy.js",
      "file": "cypress/e2e/regression/visibility-spec.cy.js",
      "beforeHooks": [],
      "afterHooks": [],
      "tests": [],
      "suites": [
        {
          "uuid": "90acc5fe-0e47-499c-9b79-9e5f1086cd3f",
          "title": "Visibility Page (browser electron, viewport 1000x660)",
          "fullFile": "",
          "file": "",
          "beforeHooks": [],
          "afterHooks": [],
          "tests": [
            {
              "title": "verifies the header",
              "fullTitle": "Visibility Page (browser electron, viewport 1000x660) verifies the header",
              "timedOut": null,
              "duration": 5065,
              "state": "failed",
              "speed": null,
              "pass": false,
              "fail": true,
              "pending": false,
              "context": "\"screenshots/visibility-spec.cy.js/Visibility Page (browser electron, viewport 1000x660) -- verifies the header (failed) (attempt 2).png\"",
              "code": "_visibilitySteps.visibilitySteps.titleTextIs('Visibility');\n_visibilitySteps.visibilitySteps.titleTextIs('Failed Test');",
              "err": {
                "message": "AssertionError: Timed out retrying after 4000ms: expected '<h3>' to have text 'Failed Test', but the text was 'Visibility'",
                "estack": "AssertionError: Timed out retrying after 4000ms: expected '<h3>' to have text 'Failed Test', but the text was 'Visibility'\n    at VisibilitySteps.titleTextIs (webpack:///./cypress/steps/general-steps.js:23:33)\n    at Context.eval (webpack:///./cypress/e2e/regression/visibility-spec.cy.js:13:24)",
                "diff": "- 'Visibility'\n+ 'Failed Test'\n"
              },
              "uuid": "abd1fb89-3949-4191-8194-9e34db3839b4",
              "parentUUID": "90acc5fe-0e47-499c-9b79-9e5f1086cd3f",
              "isHook": false,
              "skipped": false
            },
            {
              "title": "removes \"Removed\" button after clicking on \"Hide\" button",
              "fullTitle": "Visibility Page (browser electron, viewport 1000x660) removes \"Removed\" button after clicking on \"Hide\" button",
              "timedOut": null,
              "duration": 349,
              "state": "passed",
              "speed": "fast",
              "pass": true,
              "fail": false,
              "pending": false,
              "context": null,
              "code": "_visibilitySteps.visibilitySteps.clickHideBtn();\n// visibilitySteps.removedBtnIsNotInDom()",
              "err": {},
              "uuid": "ff89af43-fc0c-44a9-958d-11e9363cd85d",
              "parentUUID": "90acc5fe-0e47-499c-9b79-9e5f1086cd3f",
              "isHook": false,
              "skipped": false
            },
            {
              "title": "perceived \"Zero Width\" button as invisible after clicking on \"Hide\" button",
              "fullTitle": "Visibility Page (browser electron, viewport 1000x660) perceived \"Zero Width\" button as invisible after clicking on \"Hide\" button",
              "timedOut": null,
              "duration": 365,
              "state": "passed",
              "speed": "fast",
              "pass": true,
              "fail": false,
              "pending": false,
              "context": null,
              "code": "_visibilitySteps.visibilitySteps.clickHideBtn();\n_visibilitySteps.visibilitySteps.zeroWidthBtnIsInvisible();",
              "err": {},
              "uuid": "c80cd364-3932-4d31-a677-d521a184efb1",
              "parentUUID": "90acc5fe-0e47-499c-9b79-9e5f1086cd3f",
              "isHook": false,
              "skipped": false
            },
            {
              "title": "overlaps \"Overlapped\" button when clicking on \"Hide\" button",
              "fullTitle": "Visibility Page (browser electron, viewport 1000x660) overlaps \"Overlapped\" button when clicking on \"Hide\" button",
              "timedOut": null,
              "duration": 337,
              "state": "passed",
              "speed": "fast",
              "pass": true,
              "fail": false,
              "pending": false,
              "context": null,
              "code": "_visibilitySteps.visibilitySteps.clickHideBtn();\n_visibilitySteps.visibilitySteps.overlappedBtnIsOverlapped();",
              "err": {},
              "uuid": "50702d47-a275-42bd-8e5b-15071aa7135c",
              "parentUUID": "90acc5fe-0e47-499c-9b79-9e5f1086cd3f",
              "isHook": false,
              "skipped": false
            },
            {
              "title": "perceived \"Opacity 0\" button as invisible after clicking on \"Hide\" button",
              "fullTitle": "Visibility Page (browser electron, viewport 1000x660) perceived \"Opacity 0\" button as invisible after clicking on \"Hide\" button",
              "timedOut": null,
              "duration": 355,
              "state": "passed",
              "speed": "fast",
              "pass": true,
              "fail": false,
              "pending": false,
              "context": null,
              "code": "_visibilitySteps.visibilitySteps.clickHideBtn();\n_visibilitySteps.visibilitySteps.opacityZeroBtnIsInvisible();",
              "err": {},
              "uuid": "629ff9cb-2662-4032-9fda-b9c0dfd85b6e",
              "parentUUID": "90acc5fe-0e47-499c-9b79-9e5f1086cd3f",
              "isHook": false,
              "skipped": false
            },
            {
              "title": "perceived \"Visibility Hidden\" button as invisible after clicking on \"Hide\" button",
              "fullTitle": "Visibility Page (browser electron, viewport 1000x660) perceived \"Visibility Hidden\" button as invisible after clicking on \"Hide\" button",
              "timedOut": null,
              "duration": 328,
              "state": "passed",
              "speed": "fast",
              "pass": true,
              "fail": false,
              "pending": false,
              "context": null,
              "code": "_visibilitySteps.visibilitySteps.clickHideBtn();\n_visibilitySteps.visibilitySteps.visibilityHiddenBtnIsInvisible();",
              "err": {},
              "uuid": "fa2d1669-84cc-43b3-a11d-dc0eb7cba717",
              "parentUUID": "90acc5fe-0e47-499c-9b79-9e5f1086cd3f",
              "isHook": false,
              "skipped": false
            },
            {
              "title": "perceived \"Display None\" button as invisible after clicking on \"Hide\" button",
              "fullTitle": "Visibility Page (browser electron, viewport 1000x660) perceived \"Display None\" button as invisible after clicking on \"Hide\" button",
              "timedOut": null,
              "duration": 321,
              "state": "passed",
              "speed": "fast",
              "pass": true,
              "fail": false,
              "pending": false,
              "context": null,
              "code": "_visibilitySteps.visibilitySteps.clickHideBtn();\n_visibilitySteps.visibilitySteps.displayNoneBtnIsInvisible();",
              "err": {},
              "uuid": "f8761c5d-6def-48e4-b51b-71f351a6db4c",
              "parentUUID": "90acc5fe-0e47-499c-9b79-9e5f1086cd3f",
              "isHook": false,
              "skipped": false
            },
            {
              "title": "moves \"Offscreen\" button outside viewport after clicking on \"Hide\" button",
              "fullTitle": "Visibility Page (browser electron, viewport 1000x660) moves \"Offscreen\" button outside viewport after clicking on \"Hide\" button",
              "timedOut": null,
              "duration": 337,
              "state": "passed",
              "speed": "fast",
              "pass": true,
              "fail": false,
              "pending": false,
              "context": null,
              "code": "_visibilitySteps.visibilitySteps.clickHideBtn();\n_visibilitySteps.visibilitySteps.offscreenBtnIsOutsideViewport();",
              "err": {},
              "uuid": "3561f7ae-f285-4b40-aae6-abc9b9e551ec",
              "parentUUID": "90acc5fe-0e47-499c-9b79-9e5f1086cd3f",
              "isHook": false,
              "skipped": false
            }
          ],
          "suites": [],
          "passes": [
            "ff89af43-fc0c-44a9-958d-11e9363cd85d",
            "c80cd364-3932-4d31-a677-d521a184efb1",
            "50702d47-a275-42bd-8e5b-15071aa7135c",
            "629ff9cb-2662-4032-9fda-b9c0dfd85b6e",
            "fa2d1669-84cc-43b3-a11d-dc0eb7cba717",
            "f8761c5d-6def-48e4-b51b-71f351a6db4c",
            "3561f7ae-f285-4b40-aae6-abc9b9e551ec"
          ],
          "failures": [
            "abd1fb89-3949-4191-8194-9e34db3839b4"
          ],
          "pending": [],
          "skipped": [],
          "duration": 7457,
          "root": false,
          "rootEmpty": false,
          "_timeout": 2000
        }
      ],
      "passes": [],
      "failures": [],
      "pending": [],
      "skipped": [],
      "duration": 0,
      "root": true,
      "rootEmpty": true,
      "_timeout": 2000
    }
  ],
  "meta": {
    "mocha": {
      "version": "7.0.1"
    },
    "mochawesome": {
      "options": {
        "quiet": false,
        "reportFilename": "[datetime]_[status]_[name]-report",
        "saveHtml": true,
        "saveJson": true,
        "consoleReporter": "spec",
        "useInlineDiffs": false,
        "code": true
      },
      "version": "7.1.3"
    },
    "marge": {
      "options": {
        "reportDir": "cypress/reports/e2e",
        "reportFilename": "[datetime]_[status]_[name]-report",
        "timestamp": "default",
        "showPassed": true
      },
      "version": "6.2.0"
    }
  }
}