{
  "stats": {
    "suites": 1,
    "tests": 2,
    "passes": 2,
    "pending": 0,
    "failures": 0,
    "start": "2023-08-13T19:41:30.473Z",
    "end": "2023-08-13T19:41:46.753Z",
    "duration": 16280,
    "testsRegistered": 2,
    "passPercent": 100,
    "pendingPercent": 0,
    "other": 0,
    "hasOther": false,
    "skipped": 0,
    "hasSkipped": false
  },
  "results": [
    {
      "uuid": "f654f740-7bde-4127-8acf-4668ab7da247",
      "title": "",
      "fullFile": "cypress/e2e/regression/ajax_data.spec.cy.js",
      "file": "cypress/e2e/regression/ajax_data.spec.cy.js",
      "beforeHooks": [],
      "afterHooks": [],
      "tests": [],
      "suites": [
        {
          "uuid": "0d0e5f4c-f766-4f50-8b86-ba1d7ecd2f54",
          "title": "AJAX Data Page (browser chrome, viewport 1920x1080)",
          "fullFile": "",
          "file": "",
          "beforeHooks": [],
          "afterHooks": [],
          "tests": [
            {
              "title": "verifies the header",
              "fullTitle": "AJAX Data Page (browser chrome, viewport 1920x1080) verifies the header",
              "timedOut": null,
              "duration": 758,
              "state": "passed",
              "speed": "fast",
              "pass": true,
              "fail": false,
              "pending": false,
              "context": null,
              "code": "_ajaxDataSteps.ajaxDataSteps.titleTextIs('AJAX Data');",
              "err": {},
              "uuid": "0b810709-5577-4ba7-93e2-64940f232b6a",
              "parentUUID": "0d0e5f4c-f766-4f50-8b86-ba1d7ecd2f54",
              "isHook": false,
              "skipped": false
            },
            {
              "title": "shows an element after processing of an AJAX request",
              "fullTitle": "AJAX Data Page (browser chrome, viewport 1920x1080) shows an element after processing of an AJAX request",
              "timedOut": null,
              "duration": 15457,
              "state": "passed",
              "speed": "slow",
              "pass": true,
              "fail": false,
              "pending": false,
              "context": null,
              "code": "_ajaxDataSteps.ajaxDataSteps.inteceptAjaxRequest(_ajaxRequest.default);\n_ajaxDataSteps.ajaxDataSteps.clickTriggeringRequestBtn();\n_ajaxDataSteps.ajaxDataSteps.waitForAjaxResponse(15000);\n_ajaxDataSteps.ajaxDataSteps.hasDataLoadMessage('Data loaded with AJAX get request.');",
              "err": {},
              "uuid": "60d53b41-9249-4b39-83fc-14475d625ca4",
              "parentUUID": "0d0e5f4c-f766-4f50-8b86-ba1d7ecd2f54",
              "isHook": false,
              "skipped": false
            }
          ],
          "suites": [],
          "passes": [
            "0b810709-5577-4ba7-93e2-64940f232b6a",
            "60d53b41-9249-4b39-83fc-14475d625ca4"
          ],
          "failures": [],
          "pending": [],
          "skipped": [],
          "duration": 16215,
          "root": false,
          "rootEmpty": false,
          "_timeout": 2000
        }
      ],
      "passes": [],
      "failures": [],
      "pending": [],
      "skipped": [],
      "duration": 0,
      "root": true,
      "rootEmpty": true,
      "_timeout": 2000
    }
  ],
  "meta": {
    "mocha": {
      "version": "7.0.1"
    },
    "mochawesome": {
      "options": {
        "quiet": false,
        "reportFilename": "[datetime]_[status]_[name]-report",
        "saveHtml": true,
        "saveJson": true,
        "consoleReporter": "spec",
        "useInlineDiffs": false,
        "code": true
      },
      "version": "7.1.3"
    },
    "marge": {
      "options": {
        "reportDir": "cypress/reports/e2e",
        "reportFilename": "[datetime]_[status]_[name]-report",
        "timestamp": "default",
        "showPassed": true
      },
      "version": "6.2.0"
    }
  }
}